<?xml version="1.0" encoding="UTF-8"?>
<!DOCTYPE coverage SYSTEM "http://cobertura.sourceforge.net/xml/coverage-04.dtd">
<coverage line-rate="0.41715976331361" branch-rate="0" lines-covered="423" lines-valid="1014" branches-covered="0" branches-valid="0" complexity="230" version="0.4" timestamp="1722721074">
  <sources>
    <source>/app/src</source>
  </sources>
  <packages>
    <package name="Building/BuildCovers.php" line-rate="0" branch-rate="0" complexity="28">
      <classes>
        <class name="Playground\Make\Test\Building\BuildCovers" filename="Building/BuildCovers.php" line-rate="0" branch-rate="0" complexity="28">
          <methods>
            <method name="addCovers" signature="" line-rate="0" branch-rate="0" complexity="13">
              <lines>
                <line number="48" hits="0"/>
                <line number="49" hits="0"/>
                <line number="50" hits="0"/>
                <line number="51" hits="0"/>
                <line number="52" hits="0"/>
                <line number="53" hits="0"/>
                <line number="54" hits="0"/>
                <line number="56" hits="0"/>
                <line number="58" hits="0"/>
                <line number="59" hits="0"/>
                <line number="60" hits="0"/>
                <line number="61" hits="0"/>
                <line number="94" hits="0"/>
                <line number="95" hits="0"/>
                <line number="96" hits="0"/>
                <line number="100" hits="0"/>
                <line number="101" hits="0"/>
                <line number="102" hits="0"/>
                <line number="106" hits="0"/>
                <line number="107" hits="0"/>
                <line number="108" hits="0"/>
                <line number="112" hits="0"/>
                <line number="113" hits="0"/>
                <line number="114" hits="0"/>
                <line number="118" hits="0"/>
                <line number="119" hits="0"/>
                <line number="120" hits="0"/>
                <line number="124" hits="0"/>
                <line number="125" hits="0"/>
                <line number="126" hits="0"/>
                <line number="129" hits="0"/>
                <line number="130" hits="0"/>
                <line number="147" hits="0"/>
              </lines>
            </method>
            <method name="addCovers_controllers" signature="" line-rate="0" branch-rate="0" complexity="3">
              <lines>
                <line number="154" hits="0"/>
                <line number="155" hits="0"/>
                <line number="156" hits="0"/>
                <line number="157" hits="0"/>
                <line number="159" hits="0"/>
                <line number="160" hits="0"/>
                <line number="161" hits="0"/>
                <line number="162" hits="0"/>
                <line number="163" hits="0"/>
                <line number="164" hits="0"/>
                <line number="166" hits="0"/>
                <line number="167" hits="0"/>
                <line number="168" hits="0"/>
                <line number="169" hits="0"/>
                <line number="183" hits="0"/>
              </lines>
            </method>
            <method name="addCovers_policies" signature="" line-rate="0" branch-rate="0" complexity="3">
              <lines>
                <line number="190" hits="0"/>
                <line number="191" hits="0"/>
                <line number="192" hits="0"/>
                <line number="193" hits="0"/>
                <line number="195" hits="0"/>
                <line number="196" hits="0"/>
                <line number="198" hits="0"/>
                <line number="199" hits="0"/>
                <line number="200" hits="0"/>
                <line number="201" hits="0"/>
                <line number="215" hits="0"/>
              </lines>
            </method>
            <method name="addCovers_requests" signature="" line-rate="0" branch-rate="0" complexity="4">
              <lines>
                <line number="223" hits="0"/>
                <line number="225" hits="0"/>
                <line number="226" hits="0"/>
                <line number="227" hits="0"/>
                <line number="228" hits="0"/>
                <line number="229" hits="0"/>
                <line number="230" hits="0"/>
                <line number="231" hits="0"/>
                <line number="232" hits="0"/>
                <line number="233" hits="0"/>
                <line number="234" hits="0"/>
                <line number="237" hits="0"/>
                <line number="239" hits="0"/>
                <line number="240" hits="0"/>
                <line number="241" hits="0"/>
                <line number="243" hits="0"/>
                <line number="246" hits="0"/>
                <line number="247" hits="0"/>
                <line number="248" hits="0"/>
                <line number="249" hits="0"/>
                <line number="250" hits="0"/>
                <line number="251" hits="0"/>
                <line number="252" hits="0"/>
                <line number="267" hits="0"/>
              </lines>
            </method>
            <method name="addCovers_resources" signature="" line-rate="0" branch-rate="0" complexity="5">
              <lines>
                <line number="275" hits="0"/>
                <line number="277" hits="0"/>
                <line number="278" hits="0"/>
                <line number="279" hits="0"/>
                <line number="280" hits="0"/>
                <line number="281" hits="0"/>
                <line number="282" hits="0"/>
                <line number="283" hits="0"/>
                <line number="285" hits="0"/>
                <line number="289" hits="0"/>
                <line number="290" hits="0"/>
                <line number="291" hits="0"/>
                <line number="292" hits="0"/>
                <line number="293" hits="0"/>
                <line number="294" hits="0"/>
                <line number="309" hits="0"/>
              </lines>
            </method>
          </methods>
          <lines>
            <line number="48" hits="0"/>
            <line number="49" hits="0"/>
            <line number="50" hits="0"/>
            <line number="51" hits="0"/>
            <line number="52" hits="0"/>
            <line number="53" hits="0"/>
            <line number="54" hits="0"/>
            <line number="56" hits="0"/>
            <line number="58" hits="0"/>
            <line number="59" hits="0"/>
            <line number="60" hits="0"/>
            <line number="61" hits="0"/>
            <line number="94" hits="0"/>
            <line number="95" hits="0"/>
            <line number="96" hits="0"/>
            <line number="100" hits="0"/>
            <line number="101" hits="0"/>
            <line number="102" hits="0"/>
            <line number="106" hits="0"/>
            <line number="107" hits="0"/>
            <line number="108" hits="0"/>
            <line number="112" hits="0"/>
            <line number="113" hits="0"/>
            <line number="114" hits="0"/>
            <line number="118" hits="0"/>
            <line number="119" hits="0"/>
            <line number="120" hits="0"/>
            <line number="124" hits="0"/>
            <line number="125" hits="0"/>
            <line number="126" hits="0"/>
            <line number="129" hits="0"/>
            <line number="130" hits="0"/>
            <line number="147" hits="0"/>
            <line number="154" hits="0"/>
            <line number="155" hits="0"/>
            <line number="156" hits="0"/>
            <line number="157" hits="0"/>
            <line number="159" hits="0"/>
            <line number="160" hits="0"/>
            <line number="161" hits="0"/>
            <line number="162" hits="0"/>
            <line number="163" hits="0"/>
            <line number="164" hits="0"/>
            <line number="166" hits="0"/>
            <line number="167" hits="0"/>
            <line number="168" hits="0"/>
            <line number="169" hits="0"/>
            <line number="183" hits="0"/>
            <line number="190" hits="0"/>
            <line number="191" hits="0"/>
            <line number="192" hits="0"/>
            <line number="193" hits="0"/>
            <line number="195" hits="0"/>
            <line number="196" hits="0"/>
            <line number="198" hits="0"/>
            <line number="199" hits="0"/>
            <line number="200" hits="0"/>
            <line number="201" hits="0"/>
            <line number="215" hits="0"/>
            <line number="223" hits="0"/>
            <line number="225" hits="0"/>
            <line number="226" hits="0"/>
            <line number="227" hits="0"/>
            <line number="228" hits="0"/>
            <line number="229" hits="0"/>
            <line number="230" hits="0"/>
            <line number="231" hits="0"/>
            <line number="232" hits="0"/>
            <line number="233" hits="0"/>
            <line number="234" hits="0"/>
            <line number="237" hits="0"/>
            <line number="239" hits="0"/>
            <line number="240" hits="0"/>
            <line number="241" hits="0"/>
            <line number="243" hits="0"/>
            <line number="246" hits="0"/>
            <line number="247" hits="0"/>
            <line number="248" hits="0"/>
            <line number="249" hits="0"/>
            <line number="250" hits="0"/>
            <line number="251" hits="0"/>
            <line number="252" hits="0"/>
            <line number="267" hits="0"/>
            <line number="275" hits="0"/>
            <line number="277" hits="0"/>
            <line number="278" hits="0"/>
            <line number="279" hits="0"/>
            <line number="280" hits="0"/>
            <line number="281" hits="0"/>
            <line number="282" hits="0"/>
            <line number="283" hits="0"/>
            <line number="285" hits="0"/>
            <line number="289" hits="0"/>
            <line number="290" hits="0"/>
            <line number="291" hits="0"/>
            <line number="292" hits="0"/>
            <line number="293" hits="0"/>
            <line number="294" hits="0"/>
            <line number="309" hits="0"/>
          </lines>
        </class>
      </classes>
    </package>
    <package name="Building/BuildForControllers.php" line-rate="0" branch-rate="0" complexity="3">
      <classes>
        <class name="Playground\Make\Test\Building\BuildForControllers" filename="Building/BuildForControllers.php" line-rate="0" branch-rate="0" complexity="3">
          <methods>
            <method name="prepareOptionsForControllers" signature="array $options" line-rate="0" branch-rate="0" complexity="1">
              <lines>
                <line number="20" hits="0"/>
              </lines>
            </method>
            <method name="prepareOptionsForApiControllers" signature="array $options" line-rate="0" branch-rate="0" complexity="1">
              <lines>
                <line number="28" hits="0"/>
              </lines>
            </method>
            <method name="prepareOptionsForResourceControllers" signature="array $options" line-rate="0" branch-rate="0" complexity="1">
              <lines>
                <line number="36" hits="0"/>
              </lines>
            </method>
          </methods>
          <lines>
            <line number="20" hits="0"/>
            <line number="28" hits="0"/>
            <line number="36" hits="0"/>
          </lines>
        </class>
      </classes>
    </package>
    <package name="Building/BuildForModels.php" line-rate="0.53061224489796" branch-rate="0" complexity="10">
      <classes>
        <class name="Playground\Make\Test\Building\BuildForModels" filename="Building/BuildForModels.php" line-rate="0.53061224489796" branch-rate="0" complexity="10">
          <methods>
            <method name="prepareOptionsForModels" signature="array $options" line-rate="1" branch-rate="0" complexity="4">
              <lines>
                <line number="19" hits="13"/>
                <line number="20" hits="13"/>
                <line number="21" hits="2"/>
                <line number="25" hits="11"/>
                <line number="26" hits="11"/>
                <line number="27" hits="4"/>
                <line number="30" hits="11"/>
                <line number="31" hits="11"/>
                <line number="32" hits="11"/>
                <line number="34" hits="11"/>
              </lines>
            </method>
            <method name="prepareOptionsForModelCase" signature="array $options" line-rate="0" branch-rate="0" complexity="2">
              <lines>
                <line number="42" hits="0"/>
                <line number="44" hits="0"/>
                <line number="45" hits="0"/>
                <line number="46" hits="0"/>
                <line number="47" hits="0"/>
                <line number="48" hits="0"/>
                <line number="49" hits="0"/>
                <line number="50" hits="0"/>
                <line number="51" hits="0"/>
                <line number="52" hits="0"/>
                <line number="53" hits="0"/>
                <line number="54" hits="0"/>
                <line number="56" hits="0"/>
                <line number="57" hits="0"/>
                <line number="58" hits="0"/>
                <line number="59" hits="0"/>
                <line number="60" hits="0"/>
                <line number="61" hits="0"/>
                <line number="62" hits="0"/>
              </lines>
            </method>
            <method name="prepareOptionsForSuites" signature="array $options" line-rate="0.8" branch-rate="0" complexity="4">
              <lines>
                <line number="79" hits="11"/>
                <line number="90" hits="11"/>
                <line number="91" hits="11"/>
                <line number="92" hits="11"/>
                <line number="93" hits="11"/>
                <line number="95" hits="0"/>
                <line number="96" hits="0"/>
                <line number="97" hits="0"/>
                <line number="98" hits="0"/>
                <line number="100" hits="11"/>
                <line number="102" hits="7"/>
                <line number="103" hits="7"/>
                <line number="104" hits="7"/>
                <line number="105" hits="7"/>
                <line number="108" hits="11"/>
                <line number="109" hits="11"/>
                <line number="110" hits="11"/>
                <line number="112" hits="11"/>
                <line number="114" hits="11"/>
                <line number="115" hits="11"/>
              </lines>
            </method>
          </methods>
          <lines>
            <line number="19" hits="13"/>
            <line number="20" hits="13"/>
            <line number="21" hits="2"/>
            <line number="25" hits="11"/>
            <line number="26" hits="11"/>
            <line number="27" hits="4"/>
            <line number="30" hits="11"/>
            <line number="31" hits="11"/>
            <line number="32" hits="11"/>
            <line number="34" hits="11"/>
            <line number="42" hits="0"/>
            <line number="44" hits="0"/>
            <line number="45" hits="0"/>
            <line number="46" hits="0"/>
            <line number="47" hits="0"/>
            <line number="48" hits="0"/>
            <line number="49" hits="0"/>
            <line number="50" hits="0"/>
            <line number="51" hits="0"/>
            <line number="52" hits="0"/>
            <line number="53" hits="0"/>
            <line number="54" hits="0"/>
            <line number="56" hits="0"/>
            <line number="57" hits="0"/>
            <line number="58" hits="0"/>
            <line number="59" hits="0"/>
            <line number="60" hits="0"/>
            <line number="61" hits="0"/>
            <line number="62" hits="0"/>
            <line number="79" hits="11"/>
            <line number="90" hits="11"/>
            <line number="91" hits="11"/>
            <line number="92" hits="11"/>
            <line number="93" hits="11"/>
            <line number="95" hits="0"/>
            <line number="96" hits="0"/>
            <line number="97" hits="0"/>
            <line number="98" hits="0"/>
            <line number="100" hits="11"/>
            <line number="102" hits="7"/>
            <line number="103" hits="7"/>
            <line number="104" hits="7"/>
            <line number="105" hits="7"/>
            <line number="108" hits="11"/>
            <line number="109" hits="11"/>
            <line number="110" hits="11"/>
            <line number="112" hits="11"/>
            <line number="114" hits="11"/>
            <line number="115" hits="11"/>
          </lines>
        </class>
      </classes>
    </package>
    <package name="Building/BuildModelRelationships.php" line-rate="0.20769230769231" branch-rate="0" complexity="32">
      <classes>
        <class name="Playground\Make\Test\Building\BuildModelRelationships" filename="Building/BuildModelRelationships.php" line-rate="0.20769230769231" branch-rate="0" complexity="32">
          <methods>
            <method name="buildClass_hasMany" signature="string $type, string $suite" line-rate="0.11111111111111" branch-rate="0" complexity="11">
              <lines>
                <line number="18" hits="11"/>
                <line number="19" hits="11"/>
                <line number="20" hits="11"/>
                <line number="26" hits="11"/>
                <line number="27" hits="11"/>
                <line number="30" hits="0"/>
                <line number="32" hits="0"/>
                <line number="34" hits="0"/>
                <line number="35" hits="0"/>
                <line number="36" hits="0"/>
                <line number="37" hits="0"/>
                <line number="38" hits="0"/>
                <line number="39" hits="0"/>
                <line number="42" hits="0"/>
                <line number="43" hits="0"/>
                <line number="44" hits="0"/>
                <line number="45" hits="0"/>
                <line number="46" hits="0"/>
                <line number="48" hits="0"/>
                <line number="49" hits="0"/>
                <line number="50" hits="0"/>
                <line number="62" hits="0"/>
                <line number="63" hits="0"/>
                <line number="64" hits="0"/>
                <line number="65" hits="0"/>
                <line number="66" hits="0"/>
                <line number="67" hits="0"/>
                <line number="68" hits="0"/>
                <line number="70" hits="0"/>
                <line number="71" hits="0"/>
                <line number="73" hits="0"/>
                <line number="74" hits="0"/>
                <line number="75" hits="0"/>
                <line number="76" hits="0"/>
                <line number="80" hits="0"/>
                <line number="82" hits="0"/>
                <line number="83" hits="0"/>
                <line number="84" hits="0"/>
                <line number="85" hits="0"/>
                <line number="90" hits="0"/>
                <line number="92" hits="0"/>
                <line number="96" hits="0"/>
                <line number="98" hits="0"/>
                <line number="99" hits="0"/>
                <line number="101" hits="0"/>
              </lines>
            </method>
            <method name="buildClass_hasOne" signature="string $type, string $suite" line-rate="0.25882352941176" branch-rate="0" complexity="21">
              <lines>
                <line number="106" hits="11"/>
                <line number="107" hits="11"/>
                <line number="118" hits="11"/>
                <line number="120" hits="11"/>
                <line number="121" hits="0"/>
                <line number="127" hits="11"/>
                <line number="129" hits="11"/>
                <line number="130" hits="11"/>
                <line number="131" hits="11"/>
                <line number="136" hits="0"/>
                <line number="137" hits="0"/>
                <line number="139" hits="0"/>
                <line number="140" hits="0"/>
                <line number="141" hits="0"/>
                <line number="142" hits="0"/>
                <line number="143" hits="0"/>
                <line number="144" hits="0"/>
                <line number="145" hits="0"/>
                <line number="146" hits="0"/>
                <line number="147" hits="0"/>
                <line number="148" hits="0"/>
                <line number="149" hits="0"/>
                <line number="150" hits="0"/>
                <line number="151" hits="0"/>
                <line number="152" hits="0"/>
                <line number="153" hits="0"/>
                <line number="154" hits="0"/>
                <line number="155" hits="0"/>
                <line number="156" hits="0"/>
                <line number="157" hits="0"/>
                <line number="158" hits="0"/>
                <line number="159" hits="0"/>
                <line number="160" hits="0"/>
                <line number="163" hits="11"/>
                <line number="168" hits="0"/>
                <line number="169" hits="0"/>
                <line number="170" hits="0"/>
                <line number="171" hits="0"/>
                <line number="172" hits="0"/>
                <line number="173" hits="0"/>
                <line number="181" hits="11"/>
                <line number="183" hits="11"/>
                <line number="185" hits="11"/>
                <line number="186" hits="11"/>
                <line number="187" hits="11"/>
                <line number="188" hits="11"/>
                <line number="189" hits="11"/>
                <line number="190" hits="0"/>
                <line number="193" hits="0"/>
                <line number="194" hits="0"/>
                <line number="195" hits="0"/>
                <line number="196" hits="0"/>
                <line number="197" hits="0"/>
                <line number="199" hits="0"/>
                <line number="200" hits="0"/>
                <line number="201" hits="0"/>
                <line number="203" hits="0"/>
                <line number="204" hits="0"/>
                <line number="205" hits="0"/>
                <line number="207" hits="0"/>
                <line number="208" hits="0"/>
                <line number="209" hits="0"/>
                <line number="210" hits="0"/>
                <line number="211" hits="0"/>
                <line number="212" hits="0"/>
                <line number="213" hits="0"/>
                <line number="214" hits="0"/>
                <line number="216" hits="0"/>
                <line number="217" hits="0"/>
                <line number="219" hits="0"/>
                <line number="220" hits="0"/>
                <line number="221" hits="0"/>
                <line number="222" hits="0"/>
                <line number="226" hits="0"/>
                <line number="228" hits="0"/>
                <line number="229" hits="0"/>
                <line number="230" hits="0"/>
                <line number="231" hits="0"/>
                <line number="232" hits="0"/>
                <line number="235" hits="11"/>
                <line number="237" hits="11"/>
                <line number="241" hits="11"/>
                <line number="243" hits="11"/>
                <line number="244" hits="11"/>
                <line number="246" hits="11"/>
              </lines>
            </method>
          </methods>
          <lines>
            <line number="18" hits="11"/>
            <line number="19" hits="11"/>
            <line number="20" hits="11"/>
            <line number="26" hits="11"/>
            <line number="27" hits="11"/>
            <line number="30" hits="0"/>
            <line number="32" hits="0"/>
            <line number="34" hits="0"/>
            <line number="35" hits="0"/>
            <line number="36" hits="0"/>
            <line number="37" hits="0"/>
            <line number="38" hits="0"/>
            <line number="39" hits="0"/>
            <line number="42" hits="0"/>
            <line number="43" hits="0"/>
            <line number="44" hits="0"/>
            <line number="45" hits="0"/>
            <line number="46" hits="0"/>
            <line number="48" hits="0"/>
            <line number="49" hits="0"/>
            <line number="50" hits="0"/>
            <line number="62" hits="0"/>
            <line number="63" hits="0"/>
            <line number="64" hits="0"/>
            <line number="65" hits="0"/>
            <line number="66" hits="0"/>
            <line number="67" hits="0"/>
            <line number="68" hits="0"/>
            <line number="70" hits="0"/>
            <line number="71" hits="0"/>
            <line number="73" hits="0"/>
            <line number="74" hits="0"/>
            <line number="75" hits="0"/>
            <line number="76" hits="0"/>
            <line number="80" hits="0"/>
            <line number="82" hits="0"/>
            <line number="83" hits="0"/>
            <line number="84" hits="0"/>
            <line number="85" hits="0"/>
            <line number="90" hits="0"/>
            <line number="92" hits="0"/>
            <line number="96" hits="0"/>
            <line number="98" hits="0"/>
            <line number="99" hits="0"/>
            <line number="101" hits="0"/>
            <line number="106" hits="11"/>
            <line number="107" hits="11"/>
            <line number="118" hits="11"/>
            <line number="120" hits="11"/>
            <line number="121" hits="0"/>
            <line number="127" hits="11"/>
            <line number="129" hits="11"/>
            <line number="130" hits="11"/>
            <line number="131" hits="11"/>
            <line number="136" hits="0"/>
            <line number="137" hits="0"/>
            <line number="139" hits="0"/>
            <line number="140" hits="0"/>
            <line number="141" hits="0"/>
            <line number="142" hits="0"/>
            <line number="143" hits="0"/>
            <line number="144" hits="0"/>
            <line number="145" hits="0"/>
            <line number="146" hits="0"/>
            <line number="147" hits="0"/>
            <line number="148" hits="0"/>
            <line number="149" hits="0"/>
            <line number="150" hits="0"/>
            <line number="151" hits="0"/>
            <line number="152" hits="0"/>
            <line number="153" hits="0"/>
            <line number="154" hits="0"/>
            <line number="155" hits="0"/>
            <line number="156" hits="0"/>
            <line number="157" hits="0"/>
            <line number="158" hits="0"/>
            <line number="159" hits="0"/>
            <line number="160" hits="0"/>
            <line number="163" hits="11"/>
            <line number="168" hits="0"/>
            <line number="169" hits="0"/>
            <line number="170" hits="0"/>
            <line number="171" hits="0"/>
            <line number="172" hits="0"/>
            <line number="173" hits="0"/>
            <line number="181" hits="11"/>
            <line number="183" hits="11"/>
            <line number="185" hits="11"/>
            <line number="186" hits="11"/>
            <line number="187" hits="11"/>
            <line number="188" hits="11"/>
            <line number="189" hits="11"/>
            <line number="190" hits="0"/>
            <line number="193" hits="0"/>
            <line number="194" hits="0"/>
            <line number="195" hits="0"/>
            <line number="196" hits="0"/>
            <line number="197" hits="0"/>
            <line number="199" hits="0"/>
            <line number="200" hits="0"/>
            <line number="201" hits="0"/>
            <line number="203" hits="0"/>
            <line number="204" hits="0"/>
            <line number="205" hits="0"/>
            <line number="207" hits="0"/>
            <line number="208" hits="0"/>
            <line number="209" hits="0"/>
            <line number="210" hits="0"/>
            <line number="211" hits="0"/>
            <line number="212" hits="0"/>
            <line number="213" hits="0"/>
            <line number="214" hits="0"/>
            <line number="216" hits="0"/>
            <line number="217" hits="0"/>
            <line number="219" hits="0"/>
            <line number="220" hits="0"/>
            <line number="221" hits="0"/>
            <line number="222" hits="0"/>
            <line number="226" hits="0"/>
            <line number="228" hits="0"/>
            <line number="229" hits="0"/>
            <line number="230" hits="0"/>
            <line number="231" hits="0"/>
            <line number="232" hits="0"/>
            <line number="235" hits="11"/>
            <line number="237" hits="11"/>
            <line number="241" hits="11"/>
            <line number="243" hits="11"/>
            <line number="244" hits="11"/>
            <line number="246" hits="11"/>
          </lines>
        </class>
      </classes>
    </package>
    <package name="Building/BuildPackages.php" line-rate="0" branch-rate="0" complexity="36">
      <classes>
        <class name="Playground\Make\Test\Building\BuildPackages" filename="Building/BuildPackages.php" line-rate="0" branch-rate="0" complexity="36">
          <methods>
            <method name="addToBuildPackageProviders" signature="string $provider" line-rate="0" branch-rate="0" complexity="4">
              <lines>
                <line number="24" hits="0"/>
                <line number="26" hits="0"/>
                <line number="27" hits="0"/>
                <line number="28" hits="0"/>
                <line number="29" hits="0"/>
                <line number="30" hits="0"/>
                <line number="32" hits="0"/>
                <line number="34" hits="0"/>
                <line number="36" hits="0"/>
              </lines>
            </method>
            <method name="buildClass_getPackageProviders" signature="string $type" line-rate="0" branch-rate="0" complexity="13">
              <lines>
                <line number="42" hits="0"/>
                <line number="44" hits="0"/>
                <line number="46" hits="0"/>
                <line number="48" hits="0"/>
                <line number="49" hits="0"/>
                <line number="50" hits="0"/>
                <line number="51" hits="0"/>
                <line number="52" hits="0"/>
                <line number="53" hits="0"/>
                <line number="55" hits="0"/>
                <line number="56" hits="0"/>
                <line number="57" hits="0"/>
                <line number="59" hits="0"/>
                <line number="60" hits="0"/>
                <line number="61" hits="0"/>
                <line number="62" hits="0"/>
                <line number="63" hits="0"/>
                <line number="64" hits="0"/>
                <line number="65" hits="0"/>
                <line number="66" hits="0"/>
                <line number="67" hits="0"/>
                <line number="68" hits="0"/>
                <line number="69" hits="0"/>
                <line number="70" hits="0"/>
                <line number="71" hits="0"/>
                <line number="72" hits="0"/>
                <line number="73" hits="0"/>
                <line number="76" hits="0"/>
                <line number="77" hits="0"/>
                <line number="80" hits="0"/>
                <line number="81" hits="0"/>
                <line number="84" hits="0"/>
                <line number="85" hits="0"/>
                <line number="88" hits="0"/>
                <line number="89" hits="0"/>
                <line number="92" hits="0"/>
                <line number="93" hits="0"/>
                <line number="96" hits="0"/>
                <line number="97" hits="0"/>
                <line number="100" hits="0"/>
                <line number="102" hits="0"/>
                <line number="104" hits="0"/>
                <line number="105" hits="0"/>
                <line number="106" hits="0"/>
                <line number="107" hits="0"/>
                <line number="110" hits="0"/>
                <line number="112" hits="0"/>
                <line number="113" hits="0"/>
                <line number="114" hits="0"/>
                <line number="115" hits="0"/>
                <line number="119" hits="0"/>
                <line number="120" hits="0"/>
                <line number="121" hits="0"/>
                <line number="122" hits="0"/>
                <line number="124" hits="0"/>
                <line number="125" hits="0"/>
                <line number="128" hits="0"/>
                <line number="129" hits="0"/>
                <line number="130" hits="0"/>
                <line number="148" hits="0"/>
              </lines>
            </method>
            <method name="prepareOptionsForTestCase" signature="array $options" line-rate="0" branch-rate="0" complexity="2">
              <lines>
                <line number="156" hits="0"/>
                <line number="158" hits="0"/>
                <line number="159" hits="0"/>
                <line number="160" hits="0"/>
                <line number="161" hits="0"/>
                <line number="162" hits="0"/>
                <line number="163" hits="0"/>
                <line number="164" hits="0"/>
                <line number="165" hits="0"/>
                <line number="166" hits="0"/>
                <line number="167" hits="0"/>
                <line number="168" hits="0"/>
                <line number="169" hits="0"/>
                <line number="175" hits="0"/>
                <line number="176" hits="0"/>
                <line number="177" hits="0"/>
                <line number="178" hits="0"/>
              </lines>
            </method>
            <method name="prepareOptionsForRequestTestCase" signature="array $options" line-rate="0" branch-rate="0" complexity="1">
              <lines>
                <line number="196" hits="0"/>
                <line number="198" hits="0"/>
                <line number="199" hits="0"/>
                <line number="200" hits="0"/>
                <line number="201" hits="0"/>
                <line number="202" hits="0"/>
                <line number="203" hits="0"/>
                <line number="204" hits="0"/>
                <line number="205" hits="0"/>
                <line number="206" hits="0"/>
              </lines>
            </method>
            <method name="prepareOptionsForControllerTestCase" signature="array $options" line-rate="0" branch-rate="0" complexity="1">
              <lines>
                <line number="261" hits="0"/>
                <line number="263" hits="0"/>
                <line number="264" hits="0"/>
                <line number="265" hits="0"/>
                <line number="266" hits="0"/>
                <line number="267" hits="0"/>
                <line number="268" hits="0"/>
                <line number="269" hits="0"/>
                <line number="270" hits="0"/>
                <line number="271" hits="0"/>
                <line number="272" hits="0"/>
                <line number="273" hits="0"/>
                <line number="274" hits="0"/>
                <line number="275" hits="0"/>
                <line number="276" hits="0"/>
                <line number="277" hits="0"/>
                <line number="278" hits="0"/>
                <line number="279" hits="0"/>
                <line number="280" hits="0"/>
                <line number="282" hits="0"/>
              </lines>
            </method>
            <method name="addResourceTraits" signature="" line-rate="0" branch-rate="0" complexity="5">
              <lines>
                <line number="296" hits="0"/>
                <line number="297" hits="0"/>
                <line number="298" hits="0"/>
                <line number="299" hits="0"/>
                <line number="300" hits="0"/>
                <line number="301" hits="0"/>
                <line number="302" hits="0"/>
                <line number="303" hits="0"/>
                <line number="304" hits="0"/>
                <line number="308" hits="0"/>
                <line number="309" hits="0"/>
                <line number="312" hits="0"/>
              </lines>
            </method>
            <method name="prepareOptionsForControllerModelCase" signature="array $options" line-rate="0" branch-rate="0" complexity="3">
              <lines>
                <line number="320" hits="0"/>
                <line number="324" hits="0"/>
                <line number="325" hits="0"/>
                <line number="326" hits="0"/>
                <line number="327" hits="0"/>
                <line number="328" hits="0"/>
                <line number="329" hits="0"/>
                <line number="330" hits="0"/>
                <line number="331" hits="0"/>
                <line number="332" hits="0"/>
                <line number="333" hits="0"/>
                <line number="335" hits="0"/>
                <line number="336" hits="0"/>
                <line number="337" hits="0"/>
                <line number="338" hits="0"/>
                <line number="339" hits="0"/>
                <line number="340" hits="0"/>
                <line number="341" hits="0"/>
                <line number="343" hits="0"/>
                <line number="344" hits="0"/>
                <line number="346" hits="0"/>
                <line number="347" hits="0"/>
                <line number="350" hits="0"/>
                <line number="351" hits="0"/>
                <line number="352" hits="0"/>
                <line number="353" hits="0"/>
                <line number="356" hits="0"/>
                <line number="358" hits="0"/>
                <line number="359" hits="0"/>
                <line number="361" hits="0"/>
                <line number="363" hits="0"/>
                <line number="364" hits="0"/>
                <line number="367" hits="0"/>
              </lines>
            </method>
            <method name="addStructureModel" signature="" line-rate="0" branch-rate="0" complexity="5">
              <lines>
                <line number="382" hits="0"/>
                <line number="384" hits="0"/>
                <line number="387" hits="0"/>
                <line number="388" hits="0"/>
                <line number="389" hits="0"/>
                <line number="390" hits="0"/>
                <line number="391" hits="0"/>
                <line number="392" hits="0"/>
                <line number="394" hits="0"/>
                <line number="395" hits="0"/>
                <line number="396" hits="0"/>
                <line number="397" hits="0"/>
                <line number="398" hits="0"/>
                <line number="399" hits="0"/>
                <line number="400" hits="0"/>
                <line number="401" hits="0"/>
                <line number="405" hits="0"/>
                <line number="406" hits="0"/>
                <line number="416" hits="0"/>
              </lines>
            </method>
            <method name="prepareOptionsForAboutCommand" signature="array $options" line-rate="0" branch-rate="0" complexity="2">
              <lines>
                <line number="424" hits="0"/>
                <line number="425" hits="0"/>
                <line number="426" hits="0"/>
                <line number="428" hits="0"/>
                <line number="429" hits="0"/>
              </lines>
            </method>
          </methods>
          <lines>
            <line number="24" hits="0"/>
            <line number="26" hits="0"/>
            <line number="27" hits="0"/>
            <line number="28" hits="0"/>
            <line number="29" hits="0"/>
            <line number="30" hits="0"/>
            <line number="32" hits="0"/>
            <line number="34" hits="0"/>
            <line number="36" hits="0"/>
            <line number="42" hits="0"/>
            <line number="44" hits="0"/>
            <line number="46" hits="0"/>
            <line number="48" hits="0"/>
            <line number="49" hits="0"/>
            <line number="50" hits="0"/>
            <line number="51" hits="0"/>
            <line number="52" hits="0"/>
            <line number="53" hits="0"/>
            <line number="55" hits="0"/>
            <line number="56" hits="0"/>
            <line number="57" hits="0"/>
            <line number="59" hits="0"/>
            <line number="60" hits="0"/>
            <line number="61" hits="0"/>
            <line number="62" hits="0"/>
            <line number="63" hits="0"/>
            <line number="64" hits="0"/>
            <line number="65" hits="0"/>
            <line number="66" hits="0"/>
            <line number="67" hits="0"/>
            <line number="68" hits="0"/>
            <line number="69" hits="0"/>
            <line number="70" hits="0"/>
            <line number="71" hits="0"/>
            <line number="72" hits="0"/>
            <line number="73" hits="0"/>
            <line number="76" hits="0"/>
            <line number="77" hits="0"/>
            <line number="80" hits="0"/>
            <line number="81" hits="0"/>
            <line number="84" hits="0"/>
            <line number="85" hits="0"/>
            <line number="88" hits="0"/>
            <line number="89" hits="0"/>
            <line number="92" hits="0"/>
            <line number="93" hits="0"/>
            <line number="96" hits="0"/>
            <line number="97" hits="0"/>
            <line number="100" hits="0"/>
            <line number="102" hits="0"/>
            <line number="104" hits="0"/>
            <line number="105" hits="0"/>
            <line number="106" hits="0"/>
            <line number="107" hits="0"/>
            <line number="110" hits="0"/>
            <line number="112" hits="0"/>
            <line number="113" hits="0"/>
            <line number="114" hits="0"/>
            <line number="115" hits="0"/>
            <line number="119" hits="0"/>
            <line number="120" hits="0"/>
            <line number="121" hits="0"/>
            <line number="122" hits="0"/>
            <line number="124" hits="0"/>
            <line number="125" hits="0"/>
            <line number="128" hits="0"/>
            <line number="129" hits="0"/>
            <line number="130" hits="0"/>
            <line number="148" hits="0"/>
            <line number="156" hits="0"/>
            <line number="158" hits="0"/>
            <line number="159" hits="0"/>
            <line number="160" hits="0"/>
            <line number="161" hits="0"/>
            <line number="162" hits="0"/>
            <line number="163" hits="0"/>
            <line number="164" hits="0"/>
            <line number="165" hits="0"/>
            <line number="166" hits="0"/>
            <line number="167" hits="0"/>
            <line number="168" hits="0"/>
            <line number="169" hits="0"/>
            <line number="175" hits="0"/>
            <line number="176" hits="0"/>
            <line number="177" hits="0"/>
            <line number="178" hits="0"/>
            <line number="196" hits="0"/>
            <line number="198" hits="0"/>
            <line number="199" hits="0"/>
            <line number="200" hits="0"/>
            <line number="201" hits="0"/>
            <line number="202" hits="0"/>
            <line number="203" hits="0"/>
            <line number="204" hits="0"/>
            <line number="205" hits="0"/>
            <line number="206" hits="0"/>
            <line number="261" hits="0"/>
            <line number="263" hits="0"/>
            <line number="264" hits="0"/>
            <line number="265" hits="0"/>
            <line number="266" hits="0"/>
            <line number="267" hits="0"/>
            <line number="268" hits="0"/>
            <line number="269" hits="0"/>
            <line number="270" hits="0"/>
            <line number="271" hits="0"/>
            <line number="272" hits="0"/>
            <line number="273" hits="0"/>
            <line number="274" hits="0"/>
            <line number="275" hits="0"/>
            <line number="276" hits="0"/>
            <line number="277" hits="0"/>
            <line number="278" hits="0"/>
            <line number="279" hits="0"/>
            <line number="280" hits="0"/>
            <line number="282" hits="0"/>
            <line number="296" hits="0"/>
            <line number="297" hits="0"/>
            <line number="298" hits="0"/>
            <line number="299" hits="0"/>
            <line number="300" hits="0"/>
            <line number="301" hits="0"/>
            <line number="302" hits="0"/>
            <line number="303" hits="0"/>
            <line number="304" hits="0"/>
            <line number="308" hits="0"/>
            <line number="309" hits="0"/>
            <line number="312" hits="0"/>
            <line number="320" hits="0"/>
            <line number="324" hits="0"/>
            <line number="325" hits="0"/>
            <line number="326" hits="0"/>
            <line number="327" hits="0"/>
            <line number="328" hits="0"/>
            <line number="329" hits="0"/>
            <line number="330" hits="0"/>
            <line number="331" hits="0"/>
            <line number="332" hits="0"/>
            <line number="333" hits="0"/>
            <line number="335" hits="0"/>
            <line number="336" hits="0"/>
            <line number="337" hits="0"/>
            <line number="338" hits="0"/>
            <line number="339" hits="0"/>
            <line number="340" hits="0"/>
            <line number="341" hits="0"/>
            <line number="343" hits="0"/>
            <line number="344" hits="0"/>
            <line number="346" hits="0"/>
            <line number="347" hits="0"/>
            <line number="350" hits="0"/>
            <line number="351" hits="0"/>
            <line number="352" hits="0"/>
            <line number="353" hits="0"/>
            <line number="356" hits="0"/>
            <line number="358" hits="0"/>
            <line number="359" hits="0"/>
            <line number="361" hits="0"/>
            <line number="363" hits="0"/>
            <line number="364" hits="0"/>
            <line number="367" hits="0"/>
            <line number="382" hits="0"/>
            <line number="384" hits="0"/>
            <line number="387" hits="0"/>
            <line number="388" hits="0"/>
            <line number="389" hits="0"/>
            <line number="390" hits="0"/>
            <line number="391" hits="0"/>
            <line number="392" hits="0"/>
            <line number="394" hits="0"/>
            <line number="395" hits="0"/>
            <line number="396" hits="0"/>
            <line number="397" hits="0"/>
            <line number="398" hits="0"/>
            <line number="399" hits="0"/>
            <line number="400" hits="0"/>
            <line number="401" hits="0"/>
            <line number="405" hits="0"/>
            <line number="406" hits="0"/>
            <line number="416" hits="0"/>
            <line number="424" hits="0"/>
            <line number="425" hits="0"/>
            <line number="426" hits="0"/>
            <line number="428" hits="0"/>
            <line number="429" hits="0"/>
          </lines>
        </class>
      </classes>
    </package>
    <package name="Configuration/Test.php" line-rate="0.75" branch-rate="0" complexity="18">
      <classes>
        <class name="Playground\Make\Test\Configuration\Test" filename="Configuration/Test.php" line-rate="0.75" branch-rate="0" complexity="18">
          <methods>
            <method name="setOptions" signature="array $options" line-rate="0.72222222222222" branch-rate="0" complexity="12">
              <lines>
                <line number="64" hits="1"/>
                <line number="66" hits="1"/>
                <line number="67" hits="1"/>
                <line number="69" hits="1"/>
                <line number="72" hits="1"/>
                <line number="73" hits="1"/>
                <line number="75" hits="1"/>
                <line number="78" hits="1"/>
                <line number="79" hits="1"/>
                <line number="81" hits="0"/>
                <line number="82" hits="0"/>
                <line number="86" hits="1"/>
                <line number="87" hits="1"/>
                <line number="89" hits="0"/>
                <line number="90" hits="0"/>
                <line number="94" hits="1"/>
                <line number="95" hits="0"/>
                <line number="98" hits="1"/>
              </lines>
            </method>
            <method name="model_fqdn" signature="" line-rate="1" branch-rate="0" complexity="1">
              <lines>
                <line number="103" hits="2"/>
              </lines>
            </method>
            <method name="module_slug" signature="" line-rate="1" branch-rate="0" complexity="1">
              <lines>
                <line number="108" hits="2"/>
              </lines>
            </method>
            <method name="models" signature="" line-rate="1" branch-rate="0" complexity="1">
              <lines>
                <line number="116" hits="2"/>
              </lines>
            </method>
            <method name="package_providers" signature="" line-rate="1" branch-rate="0" complexity="1">
              <lines>
                <line number="124" hits="2"/>
              </lines>
            </method>
            <method name="suite" signature="" line-rate="1" branch-rate="0" complexity="1">
              <lines>
                <line number="129" hits="2"/>
              </lines>
            </method>
            <method name="withCovers" signature="" line-rate="0" branch-rate="0" complexity="1">
              <lines>
                <line number="134" hits="0"/>
              </lines>
            </method>
          </methods>
          <lines>
            <line number="64" hits="1"/>
            <line number="66" hits="1"/>
            <line number="67" hits="1"/>
            <line number="69" hits="1"/>
            <line number="72" hits="1"/>
            <line number="73" hits="1"/>
            <line number="75" hits="1"/>
            <line number="78" hits="1"/>
            <line number="79" hits="1"/>
            <line number="81" hits="0"/>
            <line number="82" hits="0"/>
            <line number="86" hits="1"/>
            <line number="87" hits="1"/>
            <line number="89" hits="0"/>
            <line number="90" hits="0"/>
            <line number="94" hits="1"/>
            <line number="95" hits="0"/>
            <line number="98" hits="1"/>
            <line number="103" hits="2"/>
            <line number="108" hits="2"/>
            <line number="116" hits="2"/>
            <line number="124" hits="2"/>
            <line number="129" hits="2"/>
            <line number="134" hits="0"/>
          </lines>
        </class>
      </classes>
    </package>
    <package name="Console/Commands/TestMakeCommand.php" line-rate="0.64897959183673" branch-rate="0" complexity="87">
      <classes>
        <class name="Playground\Make\Test\Console\Commands\TestMakeCommand" filename="Console/Commands/TestMakeCommand.php" line-rate="0.64897959183673" branch-rate="0" complexity="87">
          <methods>
            <method name="prepareOptions" signature="" line-rate="0.70754716981132" branch-rate="0" complexity="26">
              <lines>
                <line number="137" hits="15"/>
                <line number="138" hits="15"/>
                <line number="140" hits="15"/>
                <line number="150" hits="15"/>
                <line number="151" hits="0"/>
                <line number="152" hits="0"/>
                <line number="153" hits="0"/>
                <line number="156" hits="15"/>
                <line number="157" hits="0"/>
                <line number="158" hits="0"/>
                <line number="159" hits="0"/>
                <line number="162" hits="15"/>
                <line number="164" hits="15"/>
                <line number="165" hits="15"/>
                <line number="166" hits="15"/>
                <line number="169" hits="15"/>
                <line number="170" hits="15"/>
                <line number="171" hits="15"/>
                <line number="172" hits="15"/>
                <line number="173" hits="15"/>
                <line number="175" hits="15"/>
                <line number="176" hits="15"/>
                <line number="177" hits="15"/>
                <line number="179" hits="15"/>
                <line number="180" hits="15"/>
                <line number="181" hits="15"/>
                <line number="182" hits="15"/>
                <line number="183" hits="15"/>
                <line number="186" hits="15"/>
                <line number="188" hits="15"/>
                <line number="189" hits="15"/>
                <line number="190" hits="15"/>
                <line number="191" hits="15"/>
                <line number="192" hits="0"/>
                <line number="195" hits="15"/>
                <line number="196" hits="0"/>
                <line number="198" hits="0"/>
                <line number="199" hits="0"/>
                <line number="200" hits="0"/>
                <line number="201" hits="0"/>
                <line number="202" hits="0"/>
                <line number="203" hits="0"/>
                <line number="204" hits="0"/>
                <line number="206" hits="0"/>
                <line number="207" hits="0"/>
                <line number="208" hits="0"/>
                <line number="229" hits="15"/>
                <line number="230" hits="15"/>
                <line number="231" hits="15"/>
                <line number="233" hits="15"/>
                <line number="234" hits="15"/>
                <line number="235" hits="15"/>
                <line number="236" hits="0"/>
                <line number="237" hits="15"/>
                <line number="238" hits="15"/>
                <line number="239" hits="15"/>
                <line number="240" hits="15"/>
                <line number="241" hits="15"/>
                <line number="242" hits="15"/>
                <line number="243" hits="15"/>
                <line number="244" hits="15"/>
                <line number="245" hits="0"/>
                <line number="246" hits="15"/>
                <line number="247" hits="15"/>
                <line number="248" hits="15"/>
                <line number="249" hits="0"/>
                <line number="250" hits="15"/>
                <line number="251" hits="15"/>
                <line number="252" hits="15"/>
                <line number="253" hits="15"/>
                <line number="254" hits="0"/>
                <line number="255" hits="15"/>
                <line number="256" hits="15"/>
                <line number="257" hits="15"/>
                <line number="258" hits="15"/>
                <line number="259" hits="0"/>
                <line number="260" hits="15"/>
                <line number="261" hits="15"/>
                <line number="262" hits="15"/>
                <line number="263" hits="15"/>
                <line number="264" hits="15"/>
                <line number="265" hits="15"/>
                <line number="266" hits="0"/>
                <line number="267" hits="15"/>
                <line number="268" hits="15"/>
                <line number="269" hits="15"/>
                <line number="270" hits="15"/>
                <line number="271" hits="15"/>
                <line number="272" hits="15"/>
                <line number="273" hits="13"/>
                <line number="274" hits="11"/>
                <line number="275" hits="2"/>
                <line number="276" hits="2"/>
                <line number="277" hits="2"/>
                <line number="278" hits="0"/>
                <line number="279" hits="2"/>
                <line number="280" hits="2"/>
                <line number="281" hits="2"/>
                <line number="283" hits="0"/>
                <line number="284" hits="0"/>
                <line number="285" hits="0"/>
                <line number="286" hits="0"/>
                <line number="287" hits="0"/>
                <line number="288" hits="0"/>
                <line number="293" hits="13"/>
                <line number="301" hits="13"/>
              </lines>
            </method>
            <method name="getConfigurationFilename" signature="" line-rate="0.63095238095238" branch-rate="0" complexity="11">
              <lines>
                <line number="314" hits="10"/>
                <line number="320" hits="10"/>
                <line number="322" hits="10"/>
                <line number="323" hits="10"/>
                <line number="324" hits="10"/>
                <line number="325" hits="10"/>
                <line number="326" hits="10"/>
                <line number="327" hits="10"/>
                <line number="328" hits="9"/>
                <line number="329" hits="9"/>
                <line number="330" hits="9"/>
                <line number="331" hits="9"/>
                <line number="332" hits="9"/>
                <line number="333" hits="9"/>
                <line number="340" hits="1"/>
                <line number="341" hits="1"/>
                <line number="342" hits="1"/>
                <line number="343" hits="0"/>
                <line number="344" hits="0"/>
                <line number="345" hits="0"/>
                <line number="346" hits="0"/>
                <line number="347" hits="0"/>
                <line number="348" hits="0"/>
                <line number="355" hits="1"/>
                <line number="356" hits="1"/>
                <line number="357" hits="1"/>
                <line number="358" hits="1"/>
                <line number="359" hits="0"/>
                <line number="360" hits="0"/>
                <line number="361" hits="0"/>
                <line number="362" hits="0"/>
                <line number="363" hits="0"/>
                <line number="364" hits="0"/>
                <line number="365" hits="1"/>
                <line number="366" hits="1"/>
                <line number="367" hits="1"/>
                <line number="368" hits="0"/>
                <line number="369" hits="0"/>
                <line number="370" hits="0"/>
                <line number="371" hits="0"/>
                <line number="372" hits="1"/>
                <line number="373" hits="1"/>
                <line number="374" hits="1"/>
                <line number="375" hits="0"/>
                <line number="376" hits="0"/>
                <line number="377" hits="0"/>
                <line number="378" hits="0"/>
                <line number="379" hits="1"/>
                <line number="380" hits="1"/>
                <line number="381" hits="1"/>
                <line number="382" hits="0"/>
                <line number="383" hits="1"/>
                <line number="384" hits="1"/>
                <line number="385" hits="1"/>
                <line number="386" hits="1"/>
                <line number="387" hits="0"/>
                <line number="388" hits="1"/>
                <line number="389" hits="1"/>
                <line number="390" hits="1"/>
                <line number="391" hits="0"/>
                <line number="392" hits="1"/>
                <line number="393" hits="1"/>
                <line number="394" hits="1"/>
                <line number="395" hits="1"/>
                <line number="396" hits="1"/>
                <line number="397" hits="1"/>
                <line number="398" hits="0"/>
                <line number="399" hits="0"/>
                <line number="400" hits="0"/>
                <line number="401" hits="0"/>
                <line number="402" hits="1"/>
                <line number="403" hits="1"/>
                <line number="404" hits="1"/>
                <line number="405" hits="0"/>
                <line number="406" hits="0"/>
                <line number="407" hits="0"/>
                <line number="408" hits="0"/>
                <line number="410" hits="1"/>
                <line number="411" hits="1"/>
                <line number="412" hits="1"/>
                <line number="413" hits="1"/>
                <line number="414" hits="1"/>
                <line number="415" hits="1"/>
                <line number="418" hits="10"/>
              </lines>
            </method>
            <method name="qualifyClass" signature="$name" line-rate="0.62162162162162" branch-rate="0" complexity="11">
              <lines>
                <line number="428" hits="12"/>
                <line number="435" hits="12"/>
                <line number="436" hits="12"/>
                <line number="437" hits="12"/>
                <line number="438" hits="0"/>
                <line number="439" hits="0"/>
                <line number="440" hits="0"/>
                <line number="441" hits="12"/>
                <line number="442" hits="12"/>
                <line number="443" hits="12"/>
                <line number="444" hits="0"/>
                <line number="445" hits="0"/>
                <line number="446" hits="0"/>
                <line number="447" hits="12"/>
                <line number="448" hits="0"/>
                <line number="449" hits="0"/>
                <line number="450" hits="0"/>
                <line number="451" hits="12"/>
                <line number="452" hits="12"/>
                <line number="453" hits="12"/>
                <line number="454" hits="12"/>
                <line number="455" hits="12"/>
                <line number="456" hits="12"/>
                <line number="457" hits="12"/>
                <line number="458" hits="12"/>
                <line number="459" hits="0"/>
                <line number="460" hits="0"/>
                <line number="461" hits="0"/>
                <line number="462" hits="12"/>
                <line number="463" hits="12"/>
                <line number="464" hits="12"/>
                <line number="465" hits="0"/>
                <line number="466" hits="0"/>
                <line number="467" hits="0"/>
                <line number="468" hits="12"/>
                <line number="469" hits="12"/>
                <line number="470" hits="12"/>
                <line number="471" hits="12"/>
                <line number="472" hits="0"/>
                <line number="473" hits="0"/>
                <line number="474" hits="0"/>
                <line number="475" hits="12"/>
                <line number="476" hits="12"/>
                <line number="477" hits="12"/>
                <line number="478" hits="12"/>
                <line number="479" hits="0"/>
                <line number="480" hits="0"/>
                <line number="481" hits="0"/>
                <line number="482" hits="12"/>
                <line number="483" hits="12"/>
                <line number="484" hits="12"/>
                <line number="485" hits="12"/>
                <line number="486" hits="12"/>
                <line number="487" hits="12"/>
                <line number="488" hits="0"/>
                <line number="489" hits="0"/>
                <line number="490" hits="0"/>
                <line number="491" hits="12"/>
                <line number="492" hits="12"/>
                <line number="493" hits="12"/>
                <line number="494" hits="12"/>
                <line number="495" hits="0"/>
                <line number="496" hits="0"/>
                <line number="497" hits="0"/>
                <line number="499" hits="12"/>
                <line number="500" hits="12"/>
                <line number="501" hits="12"/>
                <line number="504" hits="12"/>
                <line number="506" hits="12"/>
                <line number="515" hits="12"/>
                <line number="516" hits="12"/>
                <line number="517" hits="12"/>
                <line number="518" hits="0"/>
                <line number="521" hits="12"/>
              </lines>
            </method>
            <method name="getStub" signature="" line-rate="0.70149253731343" branch-rate="0" complexity="17">
              <lines>
                <line number="531" hits="10"/>
                <line number="533" hits="10"/>
                <line number="535" hits="10"/>
                <line number="537" hits="10"/>
                <line number="538" hits="10"/>
                <line number="539" hits="10"/>
                <line number="540" hits="0"/>
                <line number="541" hits="0"/>
                <line number="543" hits="0"/>
                <line number="545" hits="10"/>
                <line number="546" hits="10"/>
                <line number="547" hits="10"/>
                <line number="548" hits="10"/>
                <line number="549" hits="10"/>
                <line number="550" hits="0"/>
                <line number="551" hits="10"/>
                <line number="552" hits="10"/>
                <line number="553" hits="10"/>
                <line number="554" hits="0"/>
                <line number="555" hits="10"/>
                <line number="556" hits="10"/>
                <line number="557" hits="10"/>
                <line number="558" hits="0"/>
                <line number="559" hits="10"/>
                <line number="560" hits="10"/>
                <line number="561" hits="10"/>
                <line number="562" hits="10"/>
                <line number="563" hits="10"/>
                <line number="564" hits="10"/>
                <line number="565" hits="10"/>
                <line number="566" hits="0"/>
                <line number="567" hits="0"/>
                <line number="569" hits="0"/>
                <line number="571" hits="10"/>
                <line number="572" hits="10"/>
                <line number="573" hits="10"/>
                <line number="574" hits="0"/>
                <line number="575" hits="0"/>
                <line number="577" hits="0"/>
                <line number="579" hits="10"/>
                <line number="580" hits="10"/>
                <line number="581" hits="10"/>
                <line number="582" hits="0"/>
                <line number="583" hits="10"/>
                <line number="584" hits="10"/>
                <line number="585" hits="10"/>
                <line number="586" hits="0"/>
                <line number="587" hits="10"/>
                <line number="588" hits="10"/>
                <line number="589" hits="10"/>
                <line number="595" hits="0"/>
                <line number="596" hits="10"/>
                <line number="597" hits="10"/>
                <line number="598" hits="10"/>
                <line number="599" hits="10"/>
                <line number="600" hits="0"/>
                <line number="601" hits="10"/>
                <line number="602" hits="10"/>
                <line number="603" hits="10"/>
                <line number="604" hits="0"/>
                <line number="605" hits="10"/>
                <line number="606" hits="10"/>
                <line number="607" hits="10"/>
                <line number="608" hits="0"/>
                <line number="609" hits="0"/>
                <line number="611" hits="0"/>
                <line number="622" hits="10"/>
              </lines>
            </method>
            <method name="getDefaultNamespace" signature="$rootNamespace" line-rate="0.65573770491803" branch-rate="0" complexity="9">
              <lines>
                <line number="632" hits="12"/>
                <line number="633" hits="12"/>
                <line number="634" hits="12"/>
                <line number="636" hits="12"/>
                <line number="637" hits="12"/>
                <line number="638" hits="12"/>
                <line number="640" hits="12"/>
                <line number="664" hits="12"/>
                <line number="665" hits="12"/>
                <line number="666" hits="12"/>
                <line number="667" hits="12"/>
                <line number="668" hits="0"/>
                <line number="669" hits="0"/>
                <line number="670" hits="0"/>
                <line number="671" hits="12"/>
                <line number="672" hits="12"/>
                <line number="673" hits="12"/>
                <line number="674" hits="0"/>
                <line number="675" hits="0"/>
                <line number="676" hits="0"/>
                <line number="677" hits="12"/>
                <line number="678" hits="12"/>
                <line number="679" hits="12"/>
                <line number="680" hits="0"/>
                <line number="681" hits="0"/>
                <line number="682" hits="0"/>
                <line number="683" hits="12"/>
                <line number="684" hits="12"/>
                <line number="685" hits="12"/>
                <line number="686" hits="12"/>
                <line number="687" hits="12"/>
                <line number="689" hits="12"/>
                <line number="690" hits="12"/>
                <line number="691" hits="12"/>
                <line number="692" hits="12"/>
                <line number="693" hits="12"/>
                <line number="694" hits="12"/>
                <line number="695" hits="0"/>
                <line number="696" hits="0"/>
                <line number="697" hits="0"/>
                <line number="698" hits="12"/>
                <line number="699" hits="12"/>
                <line number="700" hits="12"/>
                <line number="701" hits="0"/>
                <line number="702" hits="0"/>
                <line number="703" hits="0"/>
                <line number="704" hits="12"/>
                <line number="705" hits="12"/>
                <line number="706" hits="12"/>
                <line number="707" hits="0"/>
                <line number="708" hits="0"/>
                <line number="709" hits="0"/>
                <line number="710" hits="12"/>
                <line number="711" hits="12"/>
                <line number="712" hits="12"/>
                <line number="714" hits="0"/>
                <line number="715" hits="0"/>
                <line number="716" hits="0"/>
                <line number="721" hits="12"/>
                <line number="733" hits="12"/>
                <line number="735" hits="12"/>
              </lines>
            </method>
            <method name="getOptions" signature="" line-rate="1" branch-rate="0" complexity="1">
              <lines>
                <line number="745" hits="15"/>
                <line number="747" hits="15"/>
                <line number="748" hits="15"/>
                <line number="750" hits="15"/>
              </lines>
            </method>
            <method name="folder" signature="" line-rate="0.56382978723404" branch-rate="0" complexity="12">
              <lines>
                <line number="760" hits="12"/>
                <line number="762" hits="12"/>
                <line number="763" hits="12"/>
                <line number="764" hits="12"/>
                <line number="765" hits="12"/>
                <line number="766" hits="12"/>
                <line number="767" hits="12"/>
                <line number="768" hits="12"/>
                <line number="769" hits="12"/>
                <line number="770" hits="12"/>
                <line number="771" hits="12"/>
                <line number="772" hits="12"/>
                <line number="773" hits="12"/>
                <line number="774" hits="0"/>
                <line number="775" hits="0"/>
                <line number="776" hits="0"/>
                <line number="777" hits="0"/>
                <line number="778" hits="0"/>
                <line number="779" hits="12"/>
                <line number="780" hits="12"/>
                <line number="781" hits="12"/>
                <line number="782" hits="0"/>
                <line number="783" hits="0"/>
                <line number="784" hits="0"/>
                <line number="785" hits="0"/>
                <line number="786" hits="0"/>
                <line number="787" hits="12"/>
                <line number="788" hits="12"/>
                <line number="789" hits="12"/>
                <line number="790" hits="0"/>
                <line number="791" hits="0"/>
                <line number="792" hits="0"/>
                <line number="793" hits="0"/>
                <line number="794" hits="0"/>
                <line number="795" hits="12"/>
                <line number="796" hits="12"/>
                <line number="797" hits="12"/>
                <line number="798" hits="12"/>
                <line number="799" hits="0"/>
                <line number="800" hits="0"/>
                <line number="801" hits="0"/>
                <line number="802" hits="0"/>
                <line number="803" hits="0"/>
                <line number="804" hits="12"/>
                <line number="805" hits="12"/>
                <line number="806" hits="12"/>
                <line number="807" hits="12"/>
                <line number="808" hits="0"/>
                <line number="809" hits="0"/>
                <line number="810" hits="0"/>
                <line number="811" hits="0"/>
                <line number="812" hits="0"/>
                <line number="813" hits="12"/>
                <line number="814" hits="12"/>
                <line number="815" hits="12"/>
                <line number="816" hits="0"/>
                <line number="817" hits="0"/>
                <line number="818" hits="0"/>
                <line number="819" hits="0"/>
                <line number="820" hits="0"/>
                <line number="821" hits="12"/>
                <line number="822" hits="12"/>
                <line number="823" hits="12"/>
                <line number="824" hits="12"/>
                <line number="825" hits="4"/>
                <line number="826" hits="4"/>
                <line number="827" hits="4"/>
                <line number="828" hits="4"/>
                <line number="829" hits="4"/>
                <line number="830" hits="4"/>
                <line number="831" hits="8"/>
                <line number="832" hits="8"/>
                <line number="833" hits="8"/>
                <line number="834" hits="0"/>
                <line number="835" hits="0"/>
                <line number="836" hits="0"/>
                <line number="837" hits="0"/>
                <line number="838" hits="0"/>
                <line number="839" hits="0"/>
                <line number="840" hits="8"/>
                <line number="841" hits="8"/>
                <line number="842" hits="8"/>
                <line number="843" hits="0"/>
                <line number="844" hits="0"/>
                <line number="845" hits="0"/>
                <line number="846" hits="0"/>
                <line number="847" hits="0"/>
                <line number="849" hits="8"/>
                <line number="850" hits="8"/>
                <line number="851" hits="8"/>
                <line number="852" hits="8"/>
                <line number="853" hits="8"/>
                <line number="854" hits="8"/>
                <line number="864" hits="12"/>
              </lines>
            </method>
          </methods>
          <lines>
            <line number="137" hits="15"/>
            <line number="138" hits="15"/>
            <line number="140" hits="15"/>
            <line number="150" hits="15"/>
            <line number="151" hits="0"/>
            <line number="152" hits="0"/>
            <line number="153" hits="0"/>
            <line number="156" hits="15"/>
            <line number="157" hits="0"/>
            <line number="158" hits="0"/>
            <line number="159" hits="0"/>
            <line number="162" hits="15"/>
            <line number="164" hits="15"/>
            <line number="165" hits="15"/>
            <line number="166" hits="15"/>
            <line number="169" hits="15"/>
            <line number="170" hits="15"/>
            <line number="171" hits="15"/>
            <line number="172" hits="15"/>
            <line number="173" hits="15"/>
            <line number="175" hits="15"/>
            <line number="176" hits="15"/>
            <line number="177" hits="15"/>
            <line number="179" hits="15"/>
            <line number="180" hits="15"/>
            <line number="181" hits="15"/>
            <line number="182" hits="15"/>
            <line number="183" hits="15"/>
            <line number="186" hits="15"/>
            <line number="188" hits="15"/>
            <line number="189" hits="15"/>
            <line number="190" hits="15"/>
            <line number="191" hits="15"/>
            <line number="192" hits="0"/>
            <line number="195" hits="15"/>
            <line number="196" hits="0"/>
            <line number="198" hits="0"/>
            <line number="199" hits="0"/>
            <line number="200" hits="0"/>
            <line number="201" hits="0"/>
            <line number="202" hits="0"/>
            <line number="203" hits="0"/>
            <line number="204" hits="0"/>
            <line number="206" hits="0"/>
            <line number="207" hits="0"/>
            <line number="208" hits="0"/>
            <line number="229" hits="15"/>
            <line number="230" hits="15"/>
            <line number="231" hits="15"/>
            <line number="233" hits="15"/>
            <line number="234" hits="15"/>
            <line number="235" hits="15"/>
            <line number="236" hits="0"/>
            <line number="237" hits="15"/>
            <line number="238" hits="15"/>
            <line number="239" hits="15"/>
            <line number="240" hits="15"/>
            <line number="241" hits="15"/>
            <line number="242" hits="15"/>
            <line number="243" hits="15"/>
            <line number="244" hits="15"/>
            <line number="245" hits="0"/>
            <line number="246" hits="15"/>
            <line number="247" hits="15"/>
            <line number="248" hits="15"/>
            <line number="249" hits="0"/>
            <line number="250" hits="15"/>
            <line number="251" hits="15"/>
            <line number="252" hits="15"/>
            <line number="253" hits="15"/>
            <line number="254" hits="0"/>
            <line number="255" hits="15"/>
            <line number="256" hits="15"/>
            <line number="257" hits="15"/>
            <line number="258" hits="15"/>
            <line number="259" hits="0"/>
            <line number="260" hits="15"/>
            <line number="261" hits="15"/>
            <line number="262" hits="15"/>
            <line number="263" hits="15"/>
            <line number="264" hits="15"/>
            <line number="265" hits="15"/>
            <line number="266" hits="0"/>
            <line number="267" hits="15"/>
            <line number="268" hits="15"/>
            <line number="269" hits="15"/>
            <line number="270" hits="15"/>
            <line number="271" hits="15"/>
            <line number="272" hits="15"/>
            <line number="273" hits="13"/>
            <line number="274" hits="11"/>
            <line number="275" hits="2"/>
            <line number="276" hits="2"/>
            <line number="277" hits="2"/>
            <line number="278" hits="0"/>
            <line number="279" hits="2"/>
            <line number="280" hits="2"/>
            <line number="281" hits="2"/>
            <line number="283" hits="0"/>
            <line number="284" hits="0"/>
            <line number="285" hits="0"/>
            <line number="286" hits="0"/>
            <line number="287" hits="0"/>
            <line number="288" hits="0"/>
            <line number="293" hits="13"/>
[...]
            <line number="332" hits="9"/>
            <line number="333" hits="9"/>
            <line number="340" hits="1"/>
            <line number="341" hits="1"/>
            <line number="342" hits="1"/>
            <line number="343" hits="0"/>
            <line number="344" hits="0"/>
            <line number="345" hits="0"/>
            <line number="346" hits="0"/>
            <line number="347" hits="0"/>
            <line number="348" hits="0"/>
            <line number="355" hits="1"/>
            <line number="356" hits="1"/>
            <line number="357" hits="1"/>
            <line number="358" hits="1"/>
            <line number="359" hits="0"/>
            <line number="360" hits="0"/>
            <line number="361" hits="0"/>
            <line number="362" hits="0"/>
            <line number="363" hits="0"/>
            <line number="364" hits="0"/>
            <line number="365" hits="1"/>
            <line number="366" hits="1"/>
            <line number="367" hits="1"/>
            <line number="368" hits="0"/>
            <line number="369" hits="0"/>
            <line number="370" hits="0"/>
            <line number="371" hits="0"/>
            <line number="372" hits="1"/>
            <line number="373" hits="1"/>
            <line number="374" hits="1"/>
            <line number="375" hits="0"/>
            <line number="376" hits="0"/>
            <line number="377" hits="0"/>
            <line number="378" hits="0"/>
            <line number="379" hits="1"/>
            <line number="380" hits="1"/>
            <line number="381" hits="1"/>
            <line number="382" hits="0"/>
            <line number="383" hits="1"/>
            <line number="384" hits="1"/>
            <line number="385" hits="1"/>
            <line number="386" hits="1"/>
            <line number="387" hits="0"/>
            <line number="388" hits="1"/>
            <line number="389" hits="1"/>
            <line number="390" hits="1"/>
            <line number="391" hits="0"/>
            <line number="392" hits="1"/>
            <line number="393" hits="1"/>
            <line number="394" hits="1"/>
            <line number="395" hits="1"/>
            <line number="396" hits="1"/>
            <line number="397" hits="1"/>
            <line number="398" hits="0"/>
            <line number="399" hits="0"/>
            <line number="400" hits="0"/>
            <line number="401" hits="0"/>
            <line number="402" hits="1"/>
            <line number="403" hits="1"/>
            <line number="404" hits="1"/>
            <line number="405" hits="0"/>
            <line number="406" hits="0"/>
            <line number="407" hits="0"/>
            <line number="408" hits="0"/>
            <line number="410" hits="1"/>
            <line number="411" hits="1"/>
            <line number="412" hits="1"/>
            <line number="413" hits="1"/>
            <line number="414" hits="1"/>
            <line number="415" hits="1"/>
            <line number="418" hits="10"/>
            <line number="428" hits="12"/>
            <line number="435" hits="12"/>
            <line number="436" hits="12"/>
            <line number="437" hits="12"/>
            <line number="438" hits="0"/>
            <line number="439" hits="0"/>
            <line number="440" hits="0"/>
            <line number="441" hits="12"/>
            <line number="442" hits="12"/>
            <line number="443" hits="12"/>
            <line number="444" hits="0"/>
            <line number="445" hits="0"/>
            <line number="446" hits="0"/>
            <line number="447" hits="12"/>
            <line number="448" hits="0"/>
            <line number="449" hits="0"/>
            <line number="450" hits="0"/>
            <line number="451" hits="12"/>
            <line number="452" hits="12"/>
            <line number="453" hits="12"/>
            <line number="454" hits="12"/>
            <line number="455" hits="12"/>
            <line number="456" hits="12"/>
            <line number="457" hits="12"/>
            <line number="458" hits="12"/>
            <line number="459" hits="0"/>
            <line number="460" hits="0"/>
            <line number="461" hits="0"/>
            <line number="462" hits="12"/>
            <line number="463" hits="12"/>
            <line number="464" hits="12"/>
            <line number="465" hits="0"/>
            <line number="466" hits="0"/>
            <line number="467" hits="0"/>
            <line number="468" hits="12"/>
            <line number="469" hits="12"/>
            <line number="470" hits="12"/>
            <line number="471" hits="12"/>
            <line number="472" hits="0"/>
            <line number="473" hits="0"/>
            <line number="474" hits="0"/>
            <line number="475" hits="12"/>
            <line number="476" hits="12"/>
            <line number="477" hits="12"/>
            <line number="478" hits="12"/>
            <line number="479" hits="0"/>
            <line number="480" hits="0"/>
            <line number="481" hits="0"/>
            <line number="482" hits="12"/>
            <line number="483" hits="12"/>
            <line number="484" hits="12"/>
            <line number="485" hits="12"/>
            <line number="486" hits="12"/>
            <line number="487" hits="12"/>
            <line number="488" hits="0"/>
            <line number="489" hits="0"/>
            <line number="490" hits="0"/>
            <line number="491" hits="12"/>
            <line number="492" hits="12"/>
            <line number="493" hits="12"/>
            <line number="494" hits="12"/>
            <line number="495" hits="0"/>
            <line number="496" hits="0"/>
            <line number="497" hits="0"/>
            <line number="499" hits="12"/>
            <line number="500" hits="12"/>
            <line number="501" hits="12"/>
            <line number="504" hits="12"/>
            <line number="506" hits="12"/>
            <line number="515" hits="12"/>
            <line number="516" hits="12"/>
            <line number="517" hits="12"/>
            <line number="518" hits="0"/>
            <line number="521" hits="12"/>
            <line number="531" hits="10"/>
            <line number="533" hits="10"/>
            <line number="535" hits="10"/>
            <line number="537" hits="10"/>
            <line number="538" hits="10"/>
            <line number="539" hits="10"/>
            <line number="540" hits="0"/>
            <line number="541" hits="0"/>
            <line number="543" hits="0"/>
            <line number="545" hits="10"/>
            <line number="546" hits="10"/>
            <line number="547" hits="10"/>
            <line number="548" hits="10"/>
            <line number="549" hits="10"/>
            <line number="550" hits="0"/>
            <line number="551" hits="10"/>
            <line number="552" hits="10"/>
            <line number="553" hits="10"/>
            <line number="554" hits="0"/>
            <line number="555" hits="10"/>
            <line number="556" hits="10"/>
            <line number="557" hits="10"/>
            <line number="558" hits="0"/>
            <line number="559" hits="10"/>
            <line number="560" hits="10"/>
            <line number="561" hits="10"/>
            <line number="562" hits="10"/>
            <line number="563" hits="10"/>
            <line number="564" hits="10"/>
            <line number="565" hits="10"/>
            <line number="566" hits="0"/>
            <line number="567" hits="0"/>
            <line number="569" hits="0"/>
            <line number="571" hits="10"/>
            <line number="572" hits="10"/>
            <line number="573" hits="10"/>
            <line number="574" hits="0"/>
            <line number="575" hits="0"/>
            <line number="577" hits="0"/>
            <line number="579" hits="10"/>
            <line number="580" hits="10"/>
            <line number="581" hits="10"/>
            <line number="582" hits="0"/>
            <line number="583" hits="10"/>
            <line number="584" hits="10"/>
            <line number="585" hits="10"/>
            <line number="586" hits="0"/>
            <line number="587" hits="10"/>
            <line number="588" hits="10"/>
            <line number="589" hits="10"/>
            <line number="595" hits="0"/>
            <line number="596" hits="10"/>
            <line number="597" hits="10"/>
            <line number="598" hits="10"/>
            <line number="599" hits="10"/>
            <line number="600" hits="0"/>
            <line number="601" hits="10"/>
            <line number="602" hits="10"/>
            <line number="603" hits="10"/>
            <line number="604" hits="0"/>
            <line number="605" hits="10"/>
            <line number="606" hits="10"/>
            <line number="607" hits="10"/>
            <line number="608" hits="0"/>
            <line number="609" hits="0"/>
            <line number="611" hits="0"/>
            <line number="622" hits="10"/>
            <line number="632" hits="12"/>
            <line number="633" hits="12"/>
            <line number="634" hits="12"/>
            <line number="636" hits="12"/>
            <line number="637" hits="12"/>
            <line number="638" hits="12"/>
            <line number="640" hits="12"/>
            <line number="664" hits="12"/>
            <line number="665" hits="12"/>
            <line number="666" hits="12"/>
            <line number="667" hits="12"/>
            <line number="668" hits="0"/>
            <line number="669" hits="0"/>
            <line number="670" hits="0"/>
            <line number="671" hits="12"/>
            <line number="672" hits="12"/>
            <line number="673" hits="12"/>
            <line number="674" hits="0"/>
            <line number="675" hits="0"/>
            <line number="676" hits="0"/>
            <line number="677" hits="12"/>
            <line number="678" hits="12"/>
            <line number="679" hits="12"/>
            <line number="680" hits="0"/>
            <line number="681" hits="0"/>
            <line number="682" hits="0"/>
            <line number="683" hits="12"/>
            <line number="684" hits="12"/>
            <line number="685" hits="12"/>
            <line number="686" hits="12"/>
            <line number="687" hits="12"/>
            <line number="689" hits="12"/>
            <line number="690" hits="12"/>
            <line number="691" hits="12"/>
            <line number="692" hits="12"/>
            <line number="693" hits="12"/>
            <line number="694" hits="12"/>
            <line number="695" hits="0"/>
            <line number="696" hits="0"/>
            <line number="697" hits="0"/>
            <line number="698" hits="12"/>
            <line number="699" hits="12"/>
            <line number="700" hits="12"/>
            <line number="701" hits="0"/>
            <line number="702" hits="0"/>
            <line number="703" hits="0"/>
            <line number="704" hits="12"/>
            <line number="705" hits="12"/>
            <line number="706" hits="12"/>
            <line number="707" hits="0"/>
            <line number="708" hits="0"/>
            <line number="709" hits="0"/>
            <line number="710" hits="12"/>
            <line number="711" hits="12"/>
            <line number="712" hits="12"/>
            <line number="714" hits="0"/>
            <line number="715" hits="0"/>
            <line number="716" hits="0"/>
            <line number="721" hits="12"/>
            <line number="733" hits="12"/>
            <line number="735" hits="12"/>
            <line number="745" hits="15"/>
            <line number="747" hits="15"/>
            <line number="748" hits="15"/>
            <line number="750" hits="15"/>
            <line number="760" hits="12"/>
            <line number="762" hits="12"/>
            <line number="763" hits="12"/>
            <line number="764" hits="12"/>
            <line number="765" hits="12"/>
            <line number="766" hits="12"/>
            <line number="767" hits="12"/>
            <line number="768" hits="12"/>
            <line number="769" hits="12"/>
            <line number="770" hits="12"/>
            <line number="771" hits="12"/>
            <line number="772" hits="12"/>
            <line number="773" hits="12"/>
            <line number="774" hits="0"/>
            <line number="775" hits="0"/>
            <line number="776" hits="0"/>
            <line number="777" hits="0"/>
            <line number="778" hits="0"/>
            <line number="779" hits="12"/>
            <line number="780" hits="12"/>
            <line number="781" hits="12"/>
            <line number="782" hits="0"/>
            <line number="783" hits="0"/>
            <line number="784" hits="0"/>
            <line number="785" hits="0"/>
            <line number="786" hits="0"/>
            <line number="787" hits="12"/>
            <line number="788" hits="12"/>
            <line number="789" hits="12"/>
            <line number="790" hits="0"/>
            <line number="791" hits="0"/>
            <line number="792" hits="0"/>
            <line number="793" hits="0"/>
            <line number="794" hits="0"/>
            <line number="795" hits="12"/>
            <line number="796" hits="12"/>
            <line number="797" hits="12"/>
            <line number="798" hits="12"/>
            <line number="799" hits="0"/>
            <line number="800" hits="0"/>
            <line number="801" hits="0"/>
            <line number="802" hits="0"/>
            <line number="803" hits="0"/>
            <line number="804" hits="12"/>
            <line number="805" hits="12"/>
            <line number="806" hits="12"/>
            <line number="807" hits="12"/>
            <line number="808" hits="0"/>
            <line number="809" hits="0"/>
            <line number="810" hits="0"/>
            <line number="811" hits="0"/>
            <line number="812" hits="0"/>
            <line number="813" hits="12"/>
            <line number="814" hits="12"/>
            <line number="815" hits="12"/>
            <line number="816" hits="0"/>
            <line number="817" hits="0"/>
            <line number="818" hits="0"/>
            <line number="819" hits="0"/>
            <line number="820" hits="0"/>
            <line number="821" hits="12"/>
            <line number="822" hits="12"/>
            <line number="823" hits="12"/>
            <line number="824" hits="12"/>
            <line number="825" hits="4"/>
            <line number="826" hits="4"/>
            <line number="827" hits="4"/>
            <line number="828" hits="4"/>
            <line number="829" hits="4"/>
            <line number="830" hits="4"/>
            <line number="831" hits="8"/>
            <line number="832" hits="8"/>
            <line number="833" hits="8"/>
            <line number="834" hits="0"/>
            <line number="835" hits="0"/>
            <line number="836" hits="0"/>
            <line number="837" hits="0"/>
            <line number="838" hits="0"/>
            <line number="839" hits="0"/>
            <line number="840" hits="8"/>
            <line number="841" hits="8"/>
            <line number="842" hits="8"/>
            <line number="843" hits="0"/>
            <line number="844" hits="0"/>
            <line number="845" hits="0"/>
            <line number="846" hits="0"/>
            <line number="847" hits="0"/>
            <line number="849" hits="8"/>
            <line number="850" hits="8"/>
            <line number="851" hits="8"/>
            <line number="852" hits="8"/>
            <line number="853" hits="8"/>
            <line number="854" hits="8"/>
            <line number="864" hits="12"/>
          </lines>
        </class>
      </classes>
    </package>
    <package name="ServiceProvider.php" line-rate="1" branch-rate="0" complexity="16">
      <classes>
        <class name="Playground\Make\Test\ServiceProvider" filename="ServiceProvider.php" line-rate="1" branch-rate="0" complexity="16">
          <methods>
            <method name="boot" signature="" line-rate="1" branch-rate="0" complexity="7">
              <lines>
                <line number="33" hits="1"/>
                <line number="35" hits="1"/>
                <line number="37" hits="1"/>
                <line number="38" hits="1"/>
                <line number="41" hits="1"/>
                <line number="42" hits="1"/>
                <line number="43" hits="1"/>
                <line number="44" hits="1"/>
                <line number="45" hits="1"/>
                <line number="48" hits="1"/>
                <line number="50" hits="1"/>
                <line number="51" hits="1"/>
                <line number="52" hits="1"/>
                <line number="56" hits="1"/>
                <line number="57" hits="1"/>
              </lines>
            </method>
            <method name="boot_commands" signature="" line-rate="1" branch-rate="0" complexity="1">
              <lines>
                <line number="66" hits="1"/>
                <line number="68" hits="1"/>
                <line number="70" hits="1"/>
                <line number="72" hits="1"/>
              </lines>
            </method>
            <method name="register" signature="" line-rate="1" branch-rate="0" complexity="1">
              <lines>
                <line number="80" hits="1"/>
                <line number="81" hits="1"/>
                <line number="82" hits="1"/>
                <line number="83" hits="1"/>
              </lines>
            </method>
            <method name="about" signature="" line-rate="1" branch-rate="0" complexity="6">
              <lines>
                <line number="88" hits="1"/>
                <line number="89" hits="1"/>
                <line number="91" hits="1"/>
                <line number="93" hits="1"/>
                <line number="95" hits="1"/>
                <line number="96" hits="1"/>
                <line number="97" hits="1"/>
                <line number="98" hits="1"/>
                <line number="99" hits="1"/>
                <line number="100" hits="1"/>
              </lines>
            </method>
            <method name="version" signature="" line-rate="1" branch-rate="0" complexity="1">
              <lines>
                <line number="105" hits="1"/>
              </lines>
            </method>
          </methods>
          <lines>
            <line number="33" hits="1"/>
            <line number="35" hits="1"/>
            <line number="37" hits="1"/>
            <line number="38" hits="1"/>
            <line number="41" hits="1"/>
            <line number="42" hits="1"/>
            <line number="43" hits="1"/>
            <line number="44" hits="1"/>
            <line number="45" hits="1"/>
            <line number="48" hits="1"/>
            <line number="50" hits="1"/>
            <line number="51" hits="1"/>
            <line number="52" hits="1"/>
            <line number="56" hits="1"/>
            <line number="57" hits="1"/>
            <line number="66" hits="1"/>
            <line number="68" hits="1"/>
            <line number="70" hits="1"/>
            <line number="72" hits="1"/>
            <line number="80" hits="1"/>
            <line number="81" hits="1"/>
            <line number="82" hits="1"/>
            <line number="83" hits="1"/>
            <line number="88" hits="1"/>
            <line number="89" hits="1"/>
            <line number="91" hits="1"/>
            <line number="93" hits="1"/>
            <line number="95" hits="1"/>
            <line number="96" hits="1"/>
            <line number="97" hits="1"/>
            <line number="98" hits="1"/>
            <line number="99" hits="1"/>
            <line number="100" hits="1"/>
            <line number="105" hits="1"/>
          </lines>
        </class>
      </classes>
    </package>
  </packages>
</coverage>
