<?xml version="1.0" encoding="UTF-8"?>
<!DOCTYPE coverage SYSTEM "http://cobertura.sourceforge.net/xml/coverage-04.dtd">
<coverage line-rate="0.41025641025641" branch-rate="0" lines-covered="480" lines-valid="1170" branches-covered="0" branches-valid="0" complexity="271" version="0.4" timestamp="1723591652">
  <sources>
    <source>/app/src</source>
  </sources>
  <packages>
    <package name="Building/BuildCovers.php" line-rate="0" branch-rate="0" complexity="28">
      <classes>
        <class name="Playground\Make\Test\Building\BuildCovers" filename="Building/BuildCovers.php" line-rate="0" branch-rate="0" complexity="28">
          <methods>
            <method name="addCovers" signature="" line-rate="0" branch-rate="0" complexity="13">
              <lines>
                <line number="48" hits="0"/>
                <line number="49" hits="0"/>
                <line number="50" hits="0"/>
                <line number="51" hits="0"/>
                <line number="52" hits="0"/>
                <line number="53" hits="0"/>
                <line number="54" hits="0"/>
                <line number="56" hits="0"/>
                <line number="58" hits="0"/>
                <line number="59" hits="0"/>
                <line number="60" hits="0"/>
                <line number="61" hits="0"/>
                <line number="94" hits="0"/>
                <line number="95" hits="0"/>
                <line number="96" hits="0"/>
                <line number="100" hits="0"/>
                <line number="101" hits="0"/>
                <line number="102" hits="0"/>
                <line number="106" hits="0"/>
                <line number="107" hits="0"/>
                <line number="108" hits="0"/>
                <line number="112" hits="0"/>
                <line number="113" hits="0"/>
                <line number="114" hits="0"/>
                <line number="118" hits="0"/>
                <line number="119" hits="0"/>
                <line number="120" hits="0"/>
                <line number="124" hits="0"/>
                <line number="125" hits="0"/>
                <line number="126" hits="0"/>
                <line number="129" hits="0"/>
                <line number="130" hits="0"/>
                <line number="147" hits="0"/>
              </lines>
            </method>
            <method name="addCovers_controllers" signature="" line-rate="0" branch-rate="0" complexity="3">
              <lines>
                <line number="154" hits="0"/>
                <line number="155" hits="0"/>
                <line number="156" hits="0"/>
                <line number="157" hits="0"/>
                <line number="159" hits="0"/>
                <line number="160" hits="0"/>
                <line number="161" hits="0"/>
                <line number="162" hits="0"/>
                <line number="163" hits="0"/>
                <line number="164" hits="0"/>
                <line number="166" hits="0"/>
                <line number="167" hits="0"/>
                <line number="168" hits="0"/>
                <line number="169" hits="0"/>
                <line number="183" hits="0"/>
              </lines>
            </method>
            <method name="addCovers_policies" signature="" line-rate="0" branch-rate="0" complexity="3">
              <lines>
                <line number="188" hits="0"/>
                <line number="189" hits="0"/>
                <line number="190" hits="0"/>
                <line number="191" hits="0"/>
                <line number="193" hits="0"/>
                <line number="194" hits="0"/>
                <line number="196" hits="0"/>
                <line number="197" hits="0"/>
                <line number="198" hits="0"/>
                <line number="199" hits="0"/>
                <line number="213" hits="0"/>
              </lines>
            </method>
            <method name="addCovers_requests" signature="" line-rate="0" branch-rate="0" complexity="4">
              <lines>
                <line number="221" hits="0"/>
                <line number="223" hits="0"/>
                <line number="224" hits="0"/>
                <line number="225" hits="0"/>
                <line number="226" hits="0"/>
                <line number="227" hits="0"/>
                <line number="228" hits="0"/>
                <line number="229" hits="0"/>
                <line number="230" hits="0"/>
                <line number="231" hits="0"/>
                <line number="232" hits="0"/>
                <line number="235" hits="0"/>
                <line number="237" hits="0"/>
                <line number="238" hits="0"/>
                <line number="239" hits="0"/>
                <line number="241" hits="0"/>
                <line number="244" hits="0"/>
                <line number="245" hits="0"/>
                <line number="246" hits="0"/>
                <line number="247" hits="0"/>
                <line number="248" hits="0"/>
                <line number="249" hits="0"/>
                <line number="250" hits="0"/>
                <line number="265" hits="0"/>
              </lines>
            </method>
            <method name="addCovers_resources" signature="" line-rate="0" branch-rate="0" complexity="5">
              <lines>
                <line number="273" hits="0"/>
                <line number="275" hits="0"/>
                <line number="276" hits="0"/>
                <line number="277" hits="0"/>
                <line number="278" hits="0"/>
                <line number="279" hits="0"/>
                <line number="280" hits="0"/>
                <line number="281" hits="0"/>
                <line number="283" hits="0"/>
                <line number="287" hits="0"/>
                <line number="288" hits="0"/>
                <line number="289" hits="0"/>
                <line number="290" hits="0"/>
                <line number="291" hits="0"/>
                <line number="292" hits="0"/>
                <line number="307" hits="0"/>
              </lines>
            </method>
          </methods>
          <lines>
            <line number="48" hits="0"/>
            <line number="49" hits="0"/>
            <line number="50" hits="0"/>
            <line number="51" hits="0"/>
            <line number="52" hits="0"/>
            <line number="53" hits="0"/>
            <line number="54" hits="0"/>
            <line number="56" hits="0"/>
            <line number="58" hits="0"/>
            <line number="59" hits="0"/>
            <line number="60" hits="0"/>
            <line number="61" hits="0"/>
            <line number="94" hits="0"/>
            <line number="95" hits="0"/>
            <line number="96" hits="0"/>
            <line number="100" hits="0"/>
            <line number="101" hits="0"/>
            <line number="102" hits="0"/>
            <line number="106" hits="0"/>
            <line number="107" hits="0"/>
            <line number="108" hits="0"/>
            <line number="112" hits="0"/>
            <line number="113" hits="0"/>
            <line number="114" hits="0"/>
            <line number="118" hits="0"/>
            <line number="119" hits="0"/>
            <line number="120" hits="0"/>
            <line number="124" hits="0"/>
            <line number="125" hits="0"/>
            <line number="126" hits="0"/>
            <line number="129" hits="0"/>
            <line number="130" hits="0"/>
            <line number="147" hits="0"/>
            <line number="154" hits="0"/>
            <line number="155" hits="0"/>
            <line number="156" hits="0"/>
            <line number="157" hits="0"/>
            <line number="159" hits="0"/>
            <line number="160" hits="0"/>
            <line number="161" hits="0"/>
            <line number="162" hits="0"/>
            <line number="163" hits="0"/>
            <line number="164" hits="0"/>
            <line number="166" hits="0"/>
            <line number="167" hits="0"/>
            <line number="168" hits="0"/>
            <line number="169" hits="0"/>
            <line number="183" hits="0"/>
            <line number="188" hits="0"/>
            <line number="189" hits="0"/>
            <line number="190" hits="0"/>
            <line number="191" hits="0"/>
            <line number="193" hits="0"/>
            <line number="194" hits="0"/>
            <line number="196" hits="0"/>
            <line number="197" hits="0"/>
            <line number="198" hits="0"/>
            <line number="199" hits="0"/>
            <line number="213" hits="0"/>
            <line number="221" hits="0"/>
            <line number="223" hits="0"/>
            <line number="224" hits="0"/>
            <line number="225" hits="0"/>
            <line number="226" hits="0"/>
            <line number="227" hits="0"/>
            <line number="228" hits="0"/>
            <line number="229" hits="0"/>
            <line number="230" hits="0"/>
            <line number="231" hits="0"/>
            <line number="232" hits="0"/>
            <line number="235" hits="0"/>
            <line number="237" hits="0"/>
            <line number="238" hits="0"/>
            <line number="239" hits="0"/>
            <line number="241" hits="0"/>
            <line number="244" hits="0"/>
            <line number="245" hits="0"/>
            <line number="246" hits="0"/>
            <line number="247" hits="0"/>
            <line number="248" hits="0"/>
            <line number="249" hits="0"/>
            <line number="250" hits="0"/>
            <line number="265" hits="0"/>
            <line number="273" hits="0"/>
            <line number="275" hits="0"/>
            <line number="276" hits="0"/>
            <line number="277" hits="0"/>
            <line number="278" hits="0"/>
            <line number="279" hits="0"/>
            <line number="280" hits="0"/>
            <line number="281" hits="0"/>
            <line number="283" hits="0"/>
            <line number="287" hits="0"/>
            <line number="288" hits="0"/>
            <line number="289" hits="0"/>
            <line number="290" hits="0"/>
            <line number="291" hits="0"/>
            <line number="292" hits="0"/>
            <line number="307" hits="0"/>
          </lines>
        </class>
      </classes>
    </package>
    <package name="Building/BuildForControllers.php" line-rate="0" branch-rate="0" complexity="3">
      <classes>
        <class name="Playground\Make\Test\Building\BuildForControllers" filename="Building/BuildForControllers.php" line-rate="0" branch-rate="0" complexity="3">
          <methods>
            <method name="prepareOptionsForControllers" signature="array $options" line-rate="0" branch-rate="0" complexity="1">
              <lines>
                <line number="20" hits="0"/>
              </lines>
            </method>
            <method name="prepareOptionsForApiControllers" signature="array $options" line-rate="0" branch-rate="0" complexity="1">
              <lines>
                <line number="28" hits="0"/>
              </lines>
            </method>
            <method name="prepareOptionsForResourceControllers" signature="array $options" line-rate="0" branch-rate="0" complexity="1">
              <lines>
                <line number="36" hits="0"/>
              </lines>
            </method>
          </methods>
          <lines>
            <line number="20" hits="0"/>
            <line number="28" hits="0"/>
            <line number="36" hits="0"/>
          </lines>
        </class>
      </classes>
    </package>
    <package name="Building/BuildForModels.php" line-rate="0.53061224489796" branch-rate="0" complexity="10">
      <classes>
        <class name="Playground\Make\Test\Building\BuildForModels" filename="Building/BuildForModels.php" line-rate="0.53061224489796" branch-rate="0" complexity="10">
          <methods>
            <method name="prepareOptionsForModels" signature="array $options" line-rate="1" branch-rate="0" complexity="4">
              <lines>
                <line number="19" hits="13"/>
                <line number="20" hits="13"/>
                <line number="21" hits="2"/>
                <line number="25" hits="11"/>
                <line number="26" hits="11"/>
                <line number="27" hits="4"/>
                <line number="30" hits="11"/>
                <line number="31" hits="11"/>
                <line number="32" hits="11"/>
                <line number="34" hits="11"/>
              </lines>
            </method>
            <method name="prepareOptionsForModelCase" signature="array $options" line-rate="0" branch-rate="0" complexity="2">
              <lines>
                <line number="42" hits="0"/>
                <line number="44" hits="0"/>
                <line number="45" hits="0"/>
                <line number="46" hits="0"/>
                <line number="47" hits="0"/>
                <line number="48" hits="0"/>
                <line number="49" hits="0"/>
                <line number="50" hits="0"/>
                <line number="51" hits="0"/>
                <line number="52" hits="0"/>
                <line number="53" hits="0"/>
                <line number="54" hits="0"/>
                <line number="56" hits="0"/>
                <line number="57" hits="0"/>
                <line number="58" hits="0"/>
                <line number="59" hits="0"/>
                <line number="60" hits="0"/>
                <line number="61" hits="0"/>
                <line number="62" hits="0"/>
              </lines>
            </method>
            <method name="prepareOptionsForSuites" signature="array $options" line-rate="0.8" branch-rate="0" complexity="4">
              <lines>
                <line number="79" hits="11"/>
                <line number="90" hits="11"/>
                <line number="91" hits="11"/>
                <line number="92" hits="11"/>
                <line number="93" hits="11"/>
                <line number="95" hits="0"/>
                <line number="96" hits="0"/>
                <line number="97" hits="0"/>
                <line number="98" hits="0"/>
                <line number="100" hits="11"/>
                <line number="102" hits="7"/>
                <line number="103" hits="7"/>
                <line number="104" hits="7"/>
                <line number="105" hits="7"/>
                <line number="108" hits="11"/>
                <line number="109" hits="11"/>
                <line number="110" hits="11"/>
                <line number="112" hits="11"/>
                <line number="114" hits="11"/>
                <line number="115" hits="11"/>
              </lines>
            </method>
          </methods>
          <lines>
            <line number="19" hits="13"/>
            <line number="20" hits="13"/>
            <line number="21" hits="2"/>
            <line number="25" hits="11"/>
            <line number="26" hits="11"/>
            <line number="27" hits="4"/>
            <line number="30" hits="11"/>
            <line number="31" hits="11"/>
            <line number="32" hits="11"/>
            <line number="34" hits="11"/>
            <line number="42" hits="0"/>
            <line number="44" hits="0"/>
            <line number="45" hits="0"/>
            <line number="46" hits="0"/>
            <line number="47" hits="0"/>
            <line number="48" hits="0"/>
            <line number="49" hits="0"/>
            <line number="50" hits="0"/>
            <line number="51" hits="0"/>
            <line number="52" hits="0"/>
            <line number="53" hits="0"/>
            <line number="54" hits="0"/>
            <line number="56" hits="0"/>
            <line number="57" hits="0"/>
            <line number="58" hits="0"/>
            <line number="59" hits="0"/>
            <line number="60" hits="0"/>
            <line number="61" hits="0"/>
            <line number="62" hits="0"/>
            <line number="79" hits="11"/>
            <line number="90" hits="11"/>
            <line number="91" hits="11"/>
            <line number="92" hits="11"/>
            <line number="93" hits="11"/>
            <line number="95" hits="0"/>
            <line number="96" hits="0"/>
            <line number="97" hits="0"/>
            <line number="98" hits="0"/>
            <line number="100" hits="11"/>
            <line number="102" hits="7"/>
            <line number="103" hits="7"/>
            <line number="104" hits="7"/>
            <line number="105" hits="7"/>
            <line number="108" hits="11"/>
            <line number="109" hits="11"/>
            <line number="110" hits="11"/>
            <line number="112" hits="11"/>
            <line number="114" hits="11"/>
            <line number="115" hits="11"/>
          </lines>
        </class>
      </classes>
    </package>
    <package name="Building/BuildModelRelationships.php" line-rate="0.20769230769231" branch-rate="0" complexity="32">
      <classes>
        <class name="Playground\Make\Test\Building\BuildModelRelationships" filename="Building/BuildModelRelationships.php" line-rate="0.20769230769231" branch-rate="0" complexity="32">
          <methods>
            <method name="buildClass_hasMany" signature="string $type, string $suite" line-rate="0.11111111111111" branch-rate="0" complexity="11">
              <lines>
                <line number="18" hits="11"/>
                <line number="19" hits="11"/>
                <line number="20" hits="11"/>
                <line number="26" hits="11"/>
                <line number="27" hits="11"/>
                <line number="30" hits="0"/>
                <line number="32" hits="0"/>
                <line number="34" hits="0"/>
                <line number="35" hits="0"/>
                <line number="36" hits="0"/>
                <line number="37" hits="0"/>
                <line number="38" hits="0"/>
                <line number="39" hits="0"/>
                <line number="42" hits="0"/>
                <line number="43" hits="0"/>
                <line number="44" hits="0"/>
                <line number="45" hits="0"/>
                <line number="46" hits="0"/>
                <line number="48" hits="0"/>
                <line number="49" hits="0"/>
                <line number="50" hits="0"/>
                <line number="62" hits="0"/>
                <line number="63" hits="0"/>
                <line number="64" hits="0"/>
                <line number="65" hits="0"/>
                <line number="66" hits="0"/>
                <line number="67" hits="0"/>
                <line number="68" hits="0"/>
                <line number="70" hits="0"/>
                <line number="71" hits="0"/>
                <line number="73" hits="0"/>
                <line number="74" hits="0"/>
                <line number="75" hits="0"/>
                <line number="76" hits="0"/>
                <line number="80" hits="0"/>
                <line number="82" hits="0"/>
                <line number="83" hits="0"/>
                <line number="84" hits="0"/>
                <line number="85" hits="0"/>
                <line number="90" hits="0"/>
                <line number="92" hits="0"/>
                <line number="96" hits="0"/>
                <line number="98" hits="0"/>
                <line number="99" hits="0"/>
                <line number="101" hits="0"/>
              </lines>
            </method>
            <method name="buildClass_hasOne" signature="string $type, string $suite" line-rate="0.25882352941176" branch-rate="0" complexity="21">
              <lines>
                <line number="106" hits="11"/>
                <line number="107" hits="11"/>
                <line number="118" hits="11"/>
                <line number="120" hits="11"/>
                <line number="121" hits="0"/>
                <line number="127" hits="11"/>
                <line number="129" hits="11"/>
                <line number="130" hits="11"/>
                <line number="131" hits="11"/>
                <line number="136" hits="0"/>
                <line number="137" hits="0"/>
                <line number="139" hits="0"/>
                <line number="140" hits="0"/>
                <line number="141" hits="0"/>
                <line number="142" hits="0"/>
                <line number="143" hits="0"/>
                <line number="144" hits="0"/>
                <line number="145" hits="0"/>
                <line number="146" hits="0"/>
                <line number="147" hits="0"/>
                <line number="148" hits="0"/>
                <line number="149" hits="0"/>
                <line number="150" hits="0"/>
                <line number="151" hits="0"/>
                <line number="152" hits="0"/>
                <line number="153" hits="0"/>
                <line number="154" hits="0"/>
                <line number="155" hits="0"/>
                <line number="156" hits="0"/>
                <line number="157" hits="0"/>
                <line number="158" hits="0"/>
                <line number="159" hits="0"/>
                <line number="160" hits="0"/>
                <line number="163" hits="11"/>
                <line number="168" hits="0"/>
                <line number="169" hits="0"/>
                <line number="170" hits="0"/>
                <line number="171" hits="0"/>
                <line number="172" hits="0"/>
                <line number="173" hits="0"/>
                <line number="181" hits="11"/>
                <line number="183" hits="11"/>
                <line number="185" hits="11"/>
                <line number="186" hits="11"/>
                <line number="187" hits="11"/>
                <line number="188" hits="11"/>
                <line number="189" hits="11"/>
                <line number="190" hits="0"/>
                <line number="193" hits="0"/>
                <line number="194" hits="0"/>
                <line number="195" hits="0"/>
                <line number="196" hits="0"/>
                <line number="197" hits="0"/>
                <line number="199" hits="0"/>
                <line number="200" hits="0"/>
                <line number="201" hits="0"/>
                <line number="203" hits="0"/>
                <line number="204" hits="0"/>
                <line number="205" hits="0"/>
                <line number="207" hits="0"/>
                <line number="208" hits="0"/>
                <line number="209" hits="0"/>
                <line number="210" hits="0"/>
                <line number="211" hits="0"/>
                <line number="212" hits="0"/>
                <line number="213" hits="0"/>
                <line number="214" hits="0"/>
                <line number="216" hits="0"/>
                <line number="217" hits="0"/>
                <line number="219" hits="0"/>
                <line number="220" hits="0"/>
                <line number="221" hits="0"/>
                <line number="222" hits="0"/>
                <line number="226" hits="0"/>
                <line number="228" hits="0"/>
                <line number="229" hits="0"/>
                <line number="230" hits="0"/>
                <line number="231" hits="0"/>
                <line number="232" hits="0"/>
                <line number="235" hits="11"/>
                <line number="237" hits="11"/>
                <line number="241" hits="11"/>
                <line number="243" hits="11"/>
                <line number="244" hits="11"/>
                <line number="246" hits="11"/>
              </lines>
            </method>
          </methods>
          <lines>
            <line number="18" hits="11"/>
            <line number="19" hits="11"/>
            <line number="20" hits="11"/>
            <line number="26" hits="11"/>
            <line number="27" hits="11"/>
            <line number="30" hits="0"/>
            <line number="32" hits="0"/>
            <line number="34" hits="0"/>
            <line number="35" hits="0"/>
            <line number="36" hits="0"/>
            <line number="37" hits="0"/>
            <line number="38" hits="0"/>
            <line number="39" hits="0"/>
            <line number="42" hits="0"/>
            <line number="43" hits="0"/>
            <line number="44" hits="0"/>
            <line number="45" hits="0"/>
            <line number="46" hits="0"/>
            <line number="48" hits="0"/>
            <line number="49" hits="0"/>
            <line number="50" hits="0"/>
            <line number="62" hits="0"/>
            <line number="63" hits="0"/>
            <line number="64" hits="0"/>
            <line number="65" hits="0"/>
            <line number="66" hits="0"/>
            <line number="67" hits="0"/>
            <line number="68" hits="0"/>
            <line number="70" hits="0"/>
            <line number="71" hits="0"/>
            <line number="73" hits="0"/>
            <line number="74" hits="0"/>
            <line number="75" hits="0"/>
            <line number="76" hits="0"/>
            <line number="80" hits="0"/>
            <line number="82" hits="0"/>
            <line number="83" hits="0"/>
            <line number="84" hits="0"/>
            <line number="85" hits="0"/>
            <line number="90" hits="0"/>
            <line number="92" hits="0"/>
            <line number="96" hits="0"/>
            <line number="98" hits="0"/>
            <line number="99" hits="0"/>
            <line number="101" hits="0"/>
            <line number="106" hits="11"/>
            <line number="107" hits="11"/>
            <line number="118" hits="11"/>
            <line number="120" hits="11"/>
            <line number="121" hits="0"/>
            <line number="127" hits="11"/>
            <line number="129" hits="11"/>
            <line number="130" hits="11"/>
            <line number="131" hits="11"/>
            <line number="136" hits="0"/>
            <line number="137" hits="0"/>
            <line number="139" hits="0"/>
            <line number="140" hits="0"/>
            <line number="141" hits="0"/>
            <line number="142" hits="0"/>
            <line number="143" hits="0"/>
            <line number="144" hits="0"/>
            <line number="145" hits="0"/>
            <line number="146" hits="0"/>
            <line number="147" hits="0"/>
            <line number="148" hits="0"/>
            <line number="149" hits="0"/>
            <line number="150" hits="0"/>
            <line number="151" hits="0"/>
            <line number="152" hits="0"/>
            <line number="153" hits="0"/>
            <line number="154" hits="0"/>
            <line number="155" hits="0"/>
            <line number="156" hits="0"/>
            <line number="157" hits="0"/>
            <line number="158" hits="0"/>
            <line number="159" hits="0"/>
            <line number="160" hits="0"/>
            <line number="163" hits="11"/>
            <line number="168" hits="0"/>
            <line number="169" hits="0"/>
            <line number="170" hits="0"/>
            <line number="171" hits="0"/>
            <line number="172" hits="0"/>
            <line number="173" hits="0"/>
            <line number="181" hits="11"/>
            <line number="183" hits="11"/>
            <line number="185" hits="11"/>
            <line number="186" hits="11"/>
            <line number="187" hits="11"/>
            <line number="188" hits="11"/>
            <line number="189" hits="11"/>
            <line number="190" hits="0"/>
            <line number="193" hits="0"/>
            <line number="194" hits="0"/>
            <line number="195" hits="0"/>
            <line number="196" hits="0"/>
            <line number="197" hits="0"/>
            <line number="199" hits="0"/>
            <line number="200" hits="0"/>
            <line number="201" hits="0"/>
            <line number="203" hits="0"/>
            <line number="204" hits="0"/>
            <line number="205" hits="0"/>
            <line number="207" hits="0"/>
            <line number="208" hits="0"/>
            <line number="209" hits="0"/>
            <line number="210" hits="0"/>
            <line number="211" hits="0"/>
            <line number="212" hits="0"/>
            <line number="213" hits="0"/>
            <line number="214" hits="0"/>
            <line number="216" hits="0"/>
            <line number="217" hits="0"/>
            <line number="219" hits="0"/>
            <line number="220" hits="0"/>
            <line number="221" hits="0"/>
            <line number="222" hits="0"/>
            <line number="226" hits="0"/>
            <line number="228" hits="0"/>
            <line number="229" hits="0"/>
            <line number="230" hits="0"/>
            <line number="231" hits="0"/>
            <line number="232" hits="0"/>
            <line number="235" hits="11"/>
            <line number="237" hits="11"/>
            <line number="241" hits="11"/>
            <line number="243" hits="11"/>
            <line number="244" hits="11"/>
            <line number="246" hits="11"/>
          </lines>
        </class>
      </classes>
    </package>
    <package name="Building/BuildPackages.php" line-rate="0" branch-rate="0" complexity="56">
      <classes>
        <class name="Playground\Make\Test\Building\BuildPackages" filename="Building/BuildPackages.php" line-rate="0" branch-rate="0" complexity="56">
          <methods>
            <method name="addToBuildPackageProviders" signature="string $provider" line-rate="0" branch-rate="0" complexity="4">
              <lines>
                <line number="24" hits="0"/>
                <line number="26" hits="0"/>
                <line number="27" hits="0"/>
                <line number="28" hits="0"/>
                <line number="29" hits="0"/>
                <line number="30" hits="0"/>
                <line number="32" hits="0"/>
                <line number="34" hits="0"/>
                <line number="36" hits="0"/>
              </lines>
            </method>
            <method name="buildClass_getPackageProviders" signature="string $type" line-rate="0" branch-rate="0" complexity="14">
              <lines>
                <line number="42" hits="0"/>
                <line number="44" hits="0"/>
                <line number="46" hits="0"/>
                <line number="48" hits="0"/>
                <line number="49" hits="0"/>
                <line number="50" hits="0"/>
                <line number="51" hits="0"/>
                <line number="52" hits="0"/>
                <line number="53" hits="0"/>
                <line number="55" hits="0"/>
                <line number="56" hits="0"/>
                <line number="57" hits="0"/>
                <line number="59" hits="0"/>
                <line number="60" hits="0"/>
                <line number="61" hits="0"/>
                <line number="62" hits="0"/>
                <line number="63" hits="0"/>
                <line number="64" hits="0"/>
                <line number="65" hits="0"/>
                <line number="66" hits="0"/>
                <line number="67" hits="0"/>
                <line number="68" hits="0"/>
                <line number="69" hits="0"/>
                <line number="70" hits="0"/>
                <line number="71" hits="0"/>
                <line number="72" hits="0"/>
                <line number="73" hits="0"/>
                <line number="76" hits="0"/>
                <line number="77" hits="0"/>
                <line number="80" hits="0"/>
                <line number="81" hits="0"/>
                <line number="84" hits="0"/>
                <line number="85" hits="0"/>
                <line number="88" hits="0"/>
                <line number="89" hits="0"/>
                <line number="92" hits="0"/>
                <line number="93" hits="0"/>
                <line number="96" hits="0"/>
                <line number="97" hits="0"/>
                <line number="100" hits="0"/>
                <line number="102" hits="0"/>
                <line number="104" hits="0"/>
                <line number="105" hits="0"/>
                <line number="106" hits="0"/>
                <line number="107" hits="0"/>
                <line number="110" hits="0"/>
                <line number="112" hits="0"/>
                <line number="113" hits="0"/>
                <line number="114" hits="0"/>
                <line number="115" hits="0"/>
                <line number="119" hits="0"/>
                <line number="120" hits="0"/>
                <line number="121" hits="0"/>
                <line number="122" hits="0"/>
                <line number="124" hits="0"/>
                <line number="125" hits="0"/>
                <line number="128" hits="0"/>
                <line number="129" hits="0"/>
                <line number="132" hits="0"/>
                <line number="133" hits="0"/>
                <line number="134" hits="0"/>
                <line number="152" hits="0"/>
              </lines>
            </method>
            <method name="prepareOptionsForTestCase" signature="array $options" line-rate="0" branch-rate="0" complexity="4">
              <lines>
                <line number="160" hits="0"/>
                <line number="161" hits="0"/>
                <line number="163" hits="0"/>
                <line number="165" hits="0"/>
                <line number="166" hits="0"/>
                <line number="167" hits="0"/>
                <line number="168" hits="0"/>
                <line number="169" hits="0"/>
                <line number="170" hits="0"/>
                <line number="171" hits="0"/>
                <line number="172" hits="0"/>
                <line number="173" hits="0"/>
                <line number="174" hits="0"/>
                <line number="176" hits="0"/>
                <line number="177" hits="0"/>
                <line number="180" hits="0"/>
                <line number="181" hits="0"/>
                <line number="183" hits="0"/>
                <line number="184" hits="0"/>
                <line number="187" hits="0"/>
              </lines>
            </method>
            <method name="prepareOptionsForRequestTestCase" signature="array $options" line-rate="0" branch-rate="0" complexity="2">
              <lines>
                <line number="206" hits="0"/>
                <line number="208" hits="0"/>
                <line number="209" hits="0"/>
                <line number="210" hits="0"/>
                <line number="211" hits="0"/>
                <line number="212" hits="0"/>
                <line number="213" hits="0"/>
                <line number="214" hits="0"/>
                <line number="215" hits="0"/>
                <line number="216" hits="0"/>
                <line number="218" hits="0"/>
                <line number="219" hits="0"/>
                <line number="220" hits="0"/>
                <line number="221" hits="0"/>
                <line number="222" hits="0"/>
                <line number="223" hits="0"/>
                <line number="225" hits="0"/>
                <line number="229" hits="0"/>
              </lines>
            </method>
            <method name="prepareOptionsForControllerTestCase" signature="array $options" line-rate="0" branch-rate="0" complexity="3">
              <lines>
                <line number="340" hits="0"/>
                <line number="341" hits="0"/>
                <line number="343" hits="0"/>
                <line number="344" hits="0"/>
                <line number="345" hits="0"/>
                <line number="346" hits="0"/>
                <line number="347" hits="0"/>
                <line number="348" hits="0"/>
                <line number="349" hits="0"/>
                <line number="350" hits="0"/>
                <line number="351" hits="0"/>
                <line number="352" hits="0"/>
                <line number="353" hits="0"/>
                <line number="354" hits="0"/>
                <line number="355" hits="0"/>
                <line number="356" hits="0"/>
                <line number="358" hits="0"/>
                <line number="360" hits="0"/>
                <line number="361" hits="0"/>
                <line number="362" hits="0"/>
              </lines>
            </method>
            <method name="addResourceTraits" signature="" line-rate="0" branch-rate="0" complexity="10">
              <lines>
                <line number="377" hits="0"/>
                <line number="379" hits="0"/>
                <line number="381" hits="0"/>
                <line number="382" hits="0"/>
                <line number="383" hits="0"/>
                <line number="384" hits="0"/>
                <line number="385" hits="0"/>
                <line number="387" hits="0"/>
                <line number="389" hits="0"/>
                <line number="390" hits="0"/>
                <line number="391" hits="0"/>
                <line number="392" hits="0"/>
                <line number="393" hits="0"/>
                <line number="395" hits="0"/>
                <line number="398" hits="0"/>
                <line number="401" hits="0"/>
                <line number="402" hits="0"/>
                <line number="403" hits="0"/>
                <line number="404" hits="0"/>
                <line number="405" hits="0"/>
                <line number="406" hits="0"/>
                <line number="407" hits="0"/>
                <line number="408" hits="0"/>
                <line number="409" hits="0"/>
                <line number="413" hits="0"/>
                <line number="414" hits="0"/>
                <line number="417" hits="0"/>
              </lines>
            </method>
            <method name="addRevisionPropertiesForModel" signature="string $fqdn, string $variable" line-rate="0" branch-rate="0" complexity="1">
              <lines>
                <line number="424" hits="0"/>
                <line number="429" hits="0"/>
                <line number="431" hits="0"/>
                <line number="433" hits="0"/>
                <line number="435" hits="0"/>
                <line number="437" hits="0"/>
              </lines>
            </method>
            <method name="addRevisionProperties" signature="" line-rate="0" branch-rate="0" complexity="1">
              <lines>
                <line number="442" hits="0"/>
                <line number="453" hits="0"/>
                <line number="455" hits="0"/>
              </lines>
            </method>
            <method name="addRevisionMethods" signature="" line-rate="0" branch-rate="0" complexity="1">
              <lines>
                <line number="460" hits="0"/>
                <line number="480" hits="0"/>
                <line number="482" hits="0"/>
              </lines>
            </method>
            <method name="prepareOptionsForControllerModelCase" signature="array $options" line-rate="0" branch-rate="0" complexity="5">
              <lines>
                <line number="490" hits="0"/>
                <line number="491" hits="0"/>
                <line number="495" hits="0"/>
                <line number="496" hits="0"/>
                <line number="497" hits="0"/>
                <line number="498" hits="0"/>
                <line number="499" hits="0"/>
                <line number="500" hits="0"/>
                <line number="501" hits="0"/>
                <line number="502" hits="0"/>
                <line number="503" hits="0"/>
                <line number="504" hits="0"/>
                <line number="506" hits="0"/>
                <line number="507" hits="0"/>
                <line number="508" hits="0"/>
                <line number="509" hits="0"/>
                <line number="510" hits="0"/>
                <line number="511" hits="0"/>
                <line number="512" hits="0"/>
                <line number="514" hits="0"/>
                <line number="515" hits="0"/>
                <line number="517" hits="0"/>
                <line number="518" hits="0"/>
                <line number="521" hits="0"/>
                <line number="522" hits="0"/>
                <line number="524" hits="0"/>
                <line number="525" hits="0"/>
                <line number="526" hits="0"/>
                <line number="527" hits="0"/>
                <line number="530" hits="0"/>
                <line number="532" hits="0"/>
                <line number="533" hits="0"/>
                <line number="535" hits="0"/>
                <line number="537" hits="0"/>
                <line number="538" hits="0"/>
                <line number="541" hits="0"/>
                <line number="553" hits="0"/>
                <line number="554" hits="0"/>
                <line number="555" hits="0"/>
                <line number="556" hits="0"/>
                <line number="557" hits="0"/>
              </lines>
            </method>
            <method name="addStructureModel" signature="" line-rate="0" branch-rate="0" complexity="5">
              <lines>
                <line number="574" hits="0"/>
                <line number="576" hits="0"/>
                <line number="579" hits="0"/>
                <line number="580" hits="0"/>
                <line number="581" hits="0"/>
                <line number="582" hits="0"/>
                <line number="583" hits="0"/>
                <line number="584" hits="0"/>
                <line number="586" hits="0"/>
                <line number="587" hits="0"/>
                <line number="588" hits="0"/>
                <line number="589" hits="0"/>
                <line number="590" hits="0"/>
                <line number="591" hits="0"/>
                <line number="592" hits="0"/>
                <line number="593" hits="0"/>
                <line number="597" hits="0"/>
                <line number="598" hits="0"/>
                <line number="608" hits="0"/>
              </lines>
            </method>
            <method name="prepareOptionsForAboutCommand" signature="array $options" line-rate="0" branch-rate="0" complexity="6">
              <lines>
                <line number="616" hits="0"/>
                <line number="617" hits="0"/>
                <line number="619" hits="0"/>
                <line number="620" hits="0"/>
                <line number="621" hits="0"/>
                <line number="623" hits="0"/>
                <line number="624" hits="0"/>
                <line number="625" hits="0"/>
                <line number="626" hits="0"/>
                <line number="629" hits="0"/>
                <line number="630" hits="0"/>
              </lines>
            </method>
          </methods>
          <lines>
            <line number="24" hits="0"/>
            <line number="26" hits="0"/>
            <line number="27" hits="0"/>
            <line number="28" hits="0"/>
            <line number="29" hits="0"/>
            <line number="30" hits="0"/>
            <line number="32" hits="0"/>
            <line number="34" hits="0"/>
            <line number="36" hits="0"/>
            <line number="42" hits="0"/>
            <line number="44" hits="0"/>
            <line number="46" hits="0"/>
            <line number="48" hits="0"/>
            <line number="49" hits="0"/>
            <line number="50" hits="0"/>
            <line number="51" hits="0"/>
            <line number="52" hits="0"/>
            <line number="53" hits="0"/>
            <line number="55" hits="0"/>
            <line number="56" hits="0"/>
            <line number="57" hits="0"/>
            <line number="59" hits="0"/>
            <line number="60" hits="0"/>
            <line number="61" hits="0"/>
            <line number="62" hits="0"/>
            <line number="63" hits="0"/>
            <line number="64" hits="0"/>
            <line number="65" hits="0"/>
            <line number="66" hits="0"/>
            <line number="67" hits="0"/>
            <line number="68" hits="0"/>
            <line number="69" hits="0"/>
            <line number="70" hits="0"/>
            <line number="71" hits="0"/>
            <line number="72" hits="0"/>
            <line number="73" hits="0"/>
            <line number="76" hits="0"/>
            <line number="77" hits="0"/>
            <line number="80" hits="0"/>
            <line number="81" hits="0"/>
            <line number="84" hits="0"/>
            <line number="85" hits="0"/>
            <line number="88" hits="0"/>
            <line number="89" hits="0"/>
            <line number="92" hits="0"/>
            <line number="93" hits="0"/>
            <line number="96" hits="0"/>
            <line number="97" hits="0"/>
            <line number="100" hits="0"/>
            <line number="102" hits="0"/>
            <line number="104" hits="0"/>
            <line number="105" hits="0"/>
            <line number="106" hits="0"/>
            <line number="107" hits="0"/>
            <line number="110" hits="0"/>
            <line number="112" hits="0"/>
            <line number="113" hits="0"/>
            <line number="114" hits="0"/>
            <line number="115" hits="0"/>
            <line number="119" hits="0"/>
            <line number="120" hits="0"/>
            <line number="121" hits="0"/>
            <line number="122" hits="0"/>
            <line number="124" hits="0"/>
            <line number="125" hits="0"/>
            <line number="128" hits="0"/>
            <line number="129" hits="0"/>
            <line number="132" hits="0"/>
            <line number="133" hits="0"/>
            <line number="134" hits="0"/>
            <line number="152" hits="0"/>
            <line number="160" hits="0"/>
            <line number="161" hits="0"/>
            <line number="163" hits="0"/>
            <line number="165" hits="0"/>
            <line number="166" hits="0"/>
            <line number="167" hits="0"/>
            <line number="168" hits="0"/>
            <line number="169" hits="0"/>
            <line number="170" hits="0"/>
            <line number="171" hits="0"/>
            <line number="172" hits="0"/>
            <line number="173" hits="0"/>
            <line number="174" hits="0"/>
            <line number="176" hits="0"/>
            <line number="177" hits="0"/>
            <line number="180" hits="0"/>
            <line number="181" hits="0"/>
            <line number="183" hits="0"/>
            <line number="184" hits="0"/>
            <line number="187" hits="0"/>
            <line number="206" hits="0"/>
            <line number="208" hits="0"/>
            <line number="209" hits="0"/>
            <line number="210" hits="0"/>
            <line number="211" hits="0"/>
            <line number="212" hits="0"/>
            <line number="213" hits="0"/>
            <line number="214" hits="0"/>
            <line number="215" hits="0"/>
            <line number="216" hits="0"/>
            <line number="218" hits="0"/>
            <line number="219" hits="0"/>
            <line number="220" hits="0"/>
            <line number="221" hits="0"/>
            <line number="222" hits="0"/>
            <line number="223" hits="0"/>
            <line number="225" hits="0"/>
            <line number="229" hits="0"/>
            <line number="340" hits="0"/>
            <line number="341" hits="0"/>
            <line number="343" hits="0"/>
            <line number="344" hits="0"/>
            <line number="345" hits="0"/>
            <line number="346" hits="0"/>
            <line number="347" hits="0"/>
            <line number="348" hits="0"/>
            <line number="349" hits="0"/>
            <line number="350" hits="0"/>
            <line number="351" hits="0"/>
            <line number="352" hits="0"/>
            <line number="353" hits="0"/>
            <line number="354" hits="0"/>
            <line number="355" hits="0"/>
            <line number="356" hits="0"/>
            <line number="358" hits="0"/>
            <line number="360" hits="0"/>
            <line number="361" hits="0"/>
            <line number="362" hits="0"/>
            <line number="377" hits="0"/>
            <line number="379" hits="0"/>
            <line number="381" hits="0"/>
            <line number="382" hits="0"/>
            <line number="383" hits="0"/>
            <line number="384" hits="0"/>
            <line number="385" hits="0"/>
            <line number="387" hits="0"/>
            <line number="389" hits="0"/>
            <line number="390" hits="0"/>
            <line number="391" hits="0"/>
            <line number="392" hits="0"/>
            <line number="393" hits="0"/>
            <line number="395" hits="0"/>
            <line number="398" hits="0"/>
            <line number="401" hits="0"/>
            <line number="402" hits="0"/>
            <line number="403" hits="0"/>
            <line number="404" hits="0"/>
            <line number="405" hits="0"/>
            <line number="406" hits="0"/>
            <line number="407" hits="0"/>
            <line number="408" hits="0"/>
            <line number="409" hits="0"/>
            <line number="413" hits="0"/>
            <line number="414" hits="0"/>
            <line number="417" hits="0"/>
            <line number="424" hits="0"/>
            <line number="429" hits="0"/>
            <line number="431" hits="0"/>
            <line number="433" hits="0"/>
            <line number="435" hits="0"/>
            <line number="437" hits="0"/>
            <line number="442" hits="0"/>
            <line number="453" hits="0"/>
            <line number="455" hits="0"/>
            <line number="460" hits="0"/>
            <line number="480" hits="0"/>
            <line number="482" hits="0"/>
            <line number="490" hits="0"/>
            <line number="491" hits="0"/>
            <line number="495" hits="0"/>
            <line number="496" hits="0"/>
            <line number="497" hits="0"/>
            <line number="498" hits="0"/>
            <line number="499" hits="0"/>
            <line number="500" hits="0"/>
            <line number="501" hits="0"/>
            <line number="502" hits="0"/>
            <line number="503" hits="0"/>
            <line number="504" hits="0"/>
            <line number="506" hits="0"/>
            <line number="507" hits="0"/>
            <line number="508" hits="0"/>
            <line number="509" hits="0"/>
            <line number="510" hits="0"/>
            <line number="511" hits="0"/>
            <line number="512" hits="0"/>
            <line number="514" hits="0"/>
            <line number="515" hits="0"/>
            <line number="517" hits="0"/>
            <line number="518" hits="0"/>
            <line number="521" hits="0"/>
            <line number="522" hits="0"/>
            <line number="524" hits="0"/>
            <line number="525" hits="0"/>
            <line number="526" hits="0"/>
            <line number="527" hits="0"/>
            <line number="530" hits="0"/>
            <line number="532" hits="0"/>
            <line number="533" hits="0"/>
            <line number="535" hits="0"/>
            <line number="537" hits="0"/>
            <line number="538" hits="0"/>
            <line number="541" hits="0"/>
            <line number="553" hits="0"/>
            <line number="554" hits="0"/>
            <line number="555" hits="0"/>
            <line number="556" hits="0"/>
            <line number="557" hits="0"/>
            <line number="574" hits="0"/>
            <line number="576" hits="0"/>
            <line number="579" hits="0"/>
            <line number="580" hits="0"/>
            <line number="581" hits="0"/>
            <line number="582" hits="0"/>
            <line number="583" hits="0"/>
            <line number="584" hits="0"/>
            <line number="586" hits="0"/>
            <line number="587" hits="0"/>
            <line number="588" hits="0"/>
            <line number="589" hits="0"/>
            <line number="590" hits="0"/>
            <line number="591" hits="0"/>
            <line number="592" hits="0"/>
            <line number="593" hits="0"/>
            <line number="597" hits="0"/>
            <line number="598" hits="0"/>
            <line number="608" hits="0"/>
            <line number="616" hits="0"/>
            <line number="617" hits="0"/>
            <line number="619" hits="0"/>
            <line number="620" hits="0"/>
            <line number="621" hits="0"/>
            <line number="623" hits="0"/>
            <line number="624" hits="0"/>
            <line number="625" hits="0"/>
            <line number="626" hits="0"/>
            <line number="629" hits="0"/>
            <line number="630" hits="0"/>
          </lines>
        </class>
      </classes>
    </package>
    <package name="Configuration/Test.php" line-rate="0.75" branch-rate="0" complexity="18">
      <classes>
        <class name="Playground\Make\Test\Configuration\Test" filename="Configuration/Test.php" line-rate="0.75" branch-rate="0" complexity="18">
          <methods>
            <method name="setOptions" signature="array $options" line-rate="0.72222222222222" branch-rate="0" complexity="12">
              <lines>
                <line number="64" hits="1"/>
                <line number="66" hits="1"/>
                <line number="67" hits="1"/>
                <line number="69" hits="1"/>
                <line number="72" hits="1"/>
                <line number="73" hits="1"/>
                <line number="75" hits="1"/>
                <line number="78" hits="1"/>
                <line number="79" hits="1"/>
                <line number="81" hits="0"/>
                <line number="82" hits="0"/>
                <line number="86" hits="1"/>
                <line number="87" hits="1"/>
                <line number="89" hits="0"/>
                <line number="90" hits="0"/>
                <line number="94" hits="1"/>
                <line number="95" hits="0"/>
                <line number="98" hits="1"/>
              </lines>
            </method>
            <method name="model_fqdn" signature="" line-rate="1" branch-rate="0" complexity="1">
              <lines>
                <line number="103" hits="2"/>
              </lines>
            </method>
            <method name="module_slug" signature="" line-rate="1" branch-rate="0" complexity="1">
              <lines>
                <line number="108" hits="2"/>
              </lines>
            </method>
            <method name="models" signature="" line-rate="1" branch-rate="0" complexity="1">
              <lines>
                <line number="116" hits="2"/>
              </lines>
            </method>
            <method name="package_providers" signature="" line-rate="1" branch-rate="0" complexity="1">
              <lines>
                <line number="124" hits="2"/>
              </lines>
            </method>
            <method name="suite" signature="" line-rate="1" branch-rate="0" complexity="1">
              <lines>
                <line number="129" hits="2"/>
              </lines>
            </method>
            <method name="withCovers" signature="" line-rate="0" branch-rate="0" complexity="1">
              <lines>
                <line number="134" hits="0"/>
              </lines>
            </method>
          </methods>
          <lines>
            <line number="64" hits="1"/>
            <line number="66" hits="1"/>
            <line number="67" hits="1"/>
            <line number="69" hits="1"/>
            <line number="72" hits="1"/>
            <line number="73" hits="1"/>
            <line number="75" hits="1"/>
            <line number="78" hits="1"/>
            <line number="79" hits="1"/>
            <line number="81" hits="0"/>
            <line number="82" hits="0"/>
            <line number="86" hits="1"/>
            <line number="87" hits="1"/>
            <line number="89" hits="0"/>
            <line number="90" hits="0"/>
            <line number="94" hits="1"/>
            <line number="95" hits="0"/>
            <line number="98" hits="1"/>
            <line number="103" hits="2"/>
            <line number="108" hits="2"/>
            <line number="116" hits="2"/>
            <line number="124" hits="2"/>
            <line number="129" hits="2"/>
            <line number="134" hits="0"/>
          </lines>
        </class>
      </classes>
    </package>
    <package name="Console/Commands/TestMakeCommand.php" line-rate="0.63344594594595" branch-rate="0" complexity="108">
      <classes>
        <class name="Playground\Make\Test\Console\Commands\TestMakeCommand" filename="Console/Commands/TestMakeCommand.php" line-rate="0.63344594594595" branch-rate="0" complexity="108">
          <methods>
            <method name="prepareOptions" signature="" line-rate="0.72072072072072" branch-rate="0" complexity="26">
              <lines>
                <line number="146" hits="15"/>
                <line number="147" hits="15"/>
                <line number="149" hits="15"/>
                <line number="159" hits="15"/>
                <line number="160" hits="0"/>
                <line number="161" hits="0"/>
                <line number="162" hits="0"/>
                <line number="165" hits="15"/>
                <line number="166" hits="0"/>
                <line number="167" hits="0"/>
                <line number="168" hits="0"/>
                <line number="171" hits="15"/>
                <line number="173" hits="15"/>
                <line number="174" hits="15"/>
                <line number="175" hits="15"/>
                <line number="178" hits="15"/>
                <line number="179" hits="15"/>
                <line number="180" hits="15"/>
                <line number="181" hits="15"/>
                <line number="182" hits="15"/>
                <line number="184" hits="15"/>
                <line number="185" hits="15"/>
                <line number="186" hits="15"/>
                <line number="188" hits="15"/>
                <line number="189" hits="15"/>
                <line number="190" hits="15"/>
                <line number="191" hits="15"/>
                <line number="192" hits="15"/>
                <line number="195" hits="15"/>
                <line number="197" hits="15"/>
                <line number="199" hits="15"/>
                <line number="200" hits="15"/>
                <line number="201" hits="15"/>
                <line number="202" hits="15"/>
                <line number="203" hits="0"/>
                <line number="206" hits="15"/>
                <line number="207" hits="0"/>
                <line number="209" hits="0"/>
                <line number="210" hits="0"/>
                <line number="211" hits="0"/>
                <line number="212" hits="0"/>
                <line number="213" hits="0"/>
                <line number="214" hits="0"/>
                <line number="215" hits="0"/>
                <line number="217" hits="0"/>
                <line number="218" hits="0"/>
                <line number="219" hits="0"/>
                <line number="240" hits="15"/>
                <line number="241" hits="15"/>
                <line number="242" hits="15"/>
                <line number="244" hits="15"/>
                <line number="245" hits="15"/>
                <line number="246" hits="15"/>
                <line number="247" hits="0"/>
                <line number="248" hits="15"/>
                <line number="249" hits="15"/>
                <line number="250" hits="15"/>
                <line number="251" hits="15"/>
                <line number="252" hits="15"/>
                <line number="253" hits="15"/>
                <line number="254" hits="15"/>
                <line number="255" hits="15"/>
                <line number="256" hits="0"/>
                <line number="257" hits="15"/>
                <line number="258" hits="15"/>
                <line number="259" hits="15"/>
                <line number="260" hits="15"/>
                <line number="261" hits="15"/>
                <line number="262" hits="15"/>
                <line number="263" hits="15"/>
                <line number="264" hits="0"/>
                <line number="265" hits="15"/>
                <line number="266" hits="15"/>
                <line number="267" hits="15"/>
                <line number="268" hits="15"/>
                <line number="269" hits="0"/>
                <line number="270" hits="15"/>
                <line number="271" hits="15"/>
                <line number="272" hits="15"/>
                <line number="273" hits="15"/>
                <line number="274" hits="0"/>
                <line number="275" hits="15"/>
                <line number="276" hits="15"/>
                <line number="277" hits="15"/>
                <line number="278" hits="15"/>
                <line number="279" hits="15"/>
                <line number="280" hits="15"/>
                <line number="281" hits="0"/>
                <line number="282" hits="15"/>
                <line number="283" hits="15"/>
                <line number="284" hits="15"/>
                <line number="285" hits="15"/>
                <line number="286" hits="15"/>
                <line number="287" hits="15"/>
                <line number="288" hits="13"/>
                <line number="289" hits="11"/>
                <line number="290" hits="2"/>
                <line number="291" hits="2"/>
                <line number="292" hits="2"/>
                <line number="293" hits="0"/>
                <line number="294" hits="2"/>
                <line number="295" hits="2"/>
                <line number="296" hits="2"/>
                <line number="298" hits="0"/>
                <line number="299" hits="0"/>
                <line number="300" hits="0"/>
                <line number="301" hits="0"/>
                <line number="302" hits="0"/>
                <line number="303" hits="0"/>
                <line number="308" hits="13"/>
                <line number="316" hits="13"/>
              </lines>
            </method>
            <method name="getConfigurationFilename" signature="" line-rate="0.57017543859649" branch-rate="0" complexity="15">
              <lines>
                <line number="329" hits="10"/>
                <line number="335" hits="10"/>
                <line number="337" hits="10"/>
                <line number="338" hits="10"/>
                <line number="339" hits="10"/>
                <line number="340" hits="10"/>
                <line number="341" hits="10"/>
                <line number="342" hits="10"/>
                <line number="343" hits="9"/>
                <line number="344" hits="9"/>
                <line number="345" hits="9"/>
                <line number="346" hits="9"/>
                <line number="347" hits="9"/>
                <line number="348" hits="9"/>
                <line number="355" hits="1"/>
                <line number="356" hits="1"/>
                <line number="357" hits="1"/>
                <line number="358" hits="0"/>
                <line number="359" hits="0"/>
                <line number="360" hits="0"/>
                <line number="361" hits="0"/>
                <line number="362" hits="0"/>
                <line number="363" hits="0"/>
                <line number="370" hits="1"/>
                <line number="371" hits="1"/>
                <line number="372" hits="1"/>
                <line number="373" hits="1"/>
                <line number="374" hits="0"/>
                <line number="375" hits="0"/>
                <line number="376" hits="0"/>
                <line number="377" hits="0"/>
                <line number="378" hits="0"/>
                <line number="379" hits="0"/>
                <line number="380" hits="1"/>
                <line number="381" hits="1"/>
                <line number="382" hits="1"/>
                <line number="383" hits="0"/>
                <line number="384" hits="0"/>
                <line number="385" hits="0"/>
                <line number="386" hits="0"/>
                <line number="387" hits="1"/>
                <line number="388" hits="1"/>
                <line number="389" hits="1"/>
                <line number="390" hits="0"/>
                <line number="391" hits="0"/>
                <line number="392" hits="0"/>
                <line number="393" hits="0"/>
                <line number="394" hits="1"/>
                <line number="395" hits="1"/>
                <line number="396" hits="1"/>
                <line number="397" hits="0"/>
                <line number="398" hits="0"/>
                <line number="399" hits="0"/>
                <line number="400" hits="0"/>
                <line number="401" hits="1"/>
                <line number="402" hits="1"/>
                <line number="403" hits="1"/>
                <line number="404" hits="0"/>
                <line number="405" hits="0"/>
                <line number="406" hits="0"/>
                <line number="407" hits="0"/>
                <line number="408" hits="1"/>
                <line number="409" hits="1"/>
                <line number="410" hits="1"/>
                <line number="411" hits="0"/>
                <line number="412" hits="0"/>
                <line number="413" hits="0"/>
                <line number="414" hits="0"/>
                <line number="415" hits="1"/>
                <line number="416" hits="1"/>
                <line number="417" hits="1"/>
                <line number="418" hits="0"/>
                <line number="420" hits="0"/>
                <line number="421" hits="0"/>
                <line number="422" hits="0"/>
                <line number="423" hits="0"/>
                <line number="424" hits="0"/>
                <line number="425" hits="1"/>
                <line number="426" hits="1"/>
                <line number="427" hits="1"/>
                <line number="428" hits="0"/>
                <line number="429" hits="1"/>
                <line number="430" hits="1"/>
                <line number="431" hits="1"/>
                <line number="432" hits="1"/>
                <line number="433" hits="0"/>
                <line number="434" hits="1"/>
                <line number="435" hits="1"/>
                <line number="436" hits="1"/>
                <line number="437" hits="0"/>
                <line number="438" hits="1"/>
                <line number="439" hits="1"/>
                <line number="440" hits="1"/>
                <line number="441" hits="1"/>
                <line number="442" hits="1"/>
                <line number="443" hits="1"/>
                <line number="444" hits="0"/>
                <line number="445" hits="0"/>
                <line number="446" hits="0"/>
                <line number="447" hits="0"/>
                <line number="448" hits="1"/>
                <line number="449" hits="1"/>
                <line number="450" hits="1"/>
                <line number="451" hits="0"/>
                <line number="452" hits="0"/>
                <line number="453" hits="0"/>
                <line number="454" hits="0"/>
                <line number="456" hits="1"/>
                <line number="457" hits="1"/>
                <line number="458" hits="1"/>
                <line number="459" hits="1"/>
                <line number="460" hits="1"/>
                <line number="461" hits="1"/>
                <line number="464" hits="10"/>
              </lines>
            </method>
            <method name="qualifyClass" signature="$name" line-rate="0.6219512195122" branch-rate="0" complexity="12">
              <lines>
                <line number="474" hits="12"/>
                <line number="481" hits="12"/>
                <line number="482" hits="12"/>
                <line number="483" hits="12"/>
                <line number="484" hits="0"/>
                <line number="485" hits="0"/>
                <line number="486" hits="0"/>
                <line number="487" hits="12"/>
                <line number="488" hits="12"/>
                <line number="489" hits="12"/>
                <line number="490" hits="0"/>
                <line number="491" hits="0"/>
                <line number="492" hits="0"/>
                <line number="493" hits="12"/>
                <line number="494" hits="0"/>
                <line number="495" hits="0"/>
                <line number="496" hits="0"/>
                <line number="497" hits="12"/>
                <line number="498" hits="12"/>
                <line number="499" hits="12"/>
                <line number="500" hits="12"/>
                <line number="501" hits="12"/>
                <line number="502" hits="12"/>
                <line number="503" hits="12"/>
                <line number="504" hits="12"/>
                <line number="505" hits="0"/>
                <line number="506" hits="0"/>
                <line number="507" hits="0"/>
                <line number="508" hits="12"/>
                <line number="509" hits="12"/>
                <line number="510" hits="12"/>
                <line number="511" hits="0"/>
                <line number="512" hits="0"/>
                <line number="513" hits="0"/>
                <line number="514" hits="12"/>
                <line number="515" hits="12"/>
                <line number="516" hits="12"/>
                <line number="517" hits="12"/>
                <line number="518" hits="12"/>
                <line number="519" hits="0"/>
                <line number="520" hits="0"/>
                <line number="521" hits="0"/>
                <line number="522" hits="12"/>
                <line number="523" hits="12"/>
                <line number="524" hits="12"/>
                <line number="525" hits="12"/>
                <line number="526" hits="0"/>
                <line number="527" hits="0"/>
                <line number="528" hits="0"/>
                <line number="529" hits="12"/>
                <line number="530" hits="12"/>
                <line number="531" hits="12"/>
                <line number="532" hits="12"/>
                <line number="533" hits="0"/>
                <line number="534" hits="0"/>
                <line number="535" hits="0"/>
                <line number="536" hits="12"/>
                <line number="537" hits="12"/>
                <line number="538" hits="12"/>
                <line number="539" hits="12"/>
                <line number="540" hits="12"/>
                <line number="541" hits="12"/>
                <line number="542" hits="0"/>
                <line number="543" hits="0"/>
                <line number="544" hits="0"/>
                <line number="545" hits="12"/>
                <line number="546" hits="12"/>
                <line number="547" hits="12"/>
                <line number="548" hits="12"/>
                <line number="549" hits="0"/>
                <line number="550" hits="0"/>
                <line number="551" hits="0"/>
                <line number="553" hits="12"/>
                <line number="554" hits="12"/>
                <line number="555" hits="12"/>
                <line number="558" hits="12"/>
                <line number="560" hits="12"/>
                <line number="569" hits="12"/>
                <line number="570" hits="12"/>
                <line number="571" hits="12"/>
                <line number="572" hits="0"/>
                <line number="575" hits="12"/>
              </lines>
            </method>
            <method name="getStub" signature="" line-rate="0.66326530612245" branch-rate="0" complexity="30">
              <lines>
                <line number="585" hits="10"/>
                <line number="587" hits="10"/>
                <line number="589" hits="10"/>
                <line number="591" hits="10"/>
                <line number="592" hits="10"/>
                <line number="593" hits="10"/>
                <line number="595" hits="10"/>
                <line number="596" hits="10"/>
                <line number="597" hits="10"/>
                <line number="598" hits="0"/>
                <line number="599" hits="0"/>
                <line number="601" hits="0"/>
                <line number="603" hits="10"/>
                <line number="604" hits="10"/>
                <line number="605" hits="10"/>
                <line number="606" hits="10"/>
                <line number="607" hits="10"/>
                <line number="608" hits="0"/>
                <line number="609" hits="10"/>
                <line number="610" hits="10"/>
                <line number="611" hits="10"/>
                <line number="612" hits="0"/>
                <line number="613" hits="10"/>
                <line number="614" hits="10"/>
                <line number="615" hits="10"/>
                <line number="616" hits="0"/>
                <line number="617" hits="10"/>
                <line number="618" hits="10"/>
                <line number="619" hits="10"/>
                <line number="620" hits="10"/>
                <line number="621" hits="10"/>
                <line number="622" hits="10"/>
                <line number="623" hits="10"/>
                <line number="624" hits="0"/>
                <line number="625" hits="0"/>
                <line number="627" hits="0"/>
                <line number="629" hits="10"/>
                <line number="630" hits="10"/>
                <line number="631" hits="10"/>
                <line number="632" hits="0"/>
                <line number="633" hits="0"/>
                <line number="635" hits="0"/>
                <line number="637" hits="10"/>
                <line number="638" hits="10"/>
                <line number="639" hits="10"/>
                <line number="640" hits="0"/>
                <line number="641" hits="0"/>
                <line number="643" hits="0"/>
                <line number="645" hits="10"/>
                <line number="646" hits="10"/>
                <line number="647" hits="10"/>
                <line number="648" hits="0"/>
                <line number="649" hits="10"/>
                <line number="650" hits="10"/>
                <line number="651" hits="10"/>
                <line number="652" hits="0"/>
                <line number="653" hits="10"/>
                <line number="654" hits="10"/>
                <line number="655" hits="10"/>
                <line number="656" hits="0"/>
                <line number="657" hits="0"/>
                <line number="659" hits="0"/>
                <line number="661" hits="10"/>
                <line number="662" hits="10"/>
                <line number="663" hits="10"/>
                <line number="664" hits="0"/>
                <line number="665" hits="0"/>
                <line number="667" hits="0"/>
                <line number="669" hits="10"/>
                <line number="670" hits="10"/>
                <line number="671" hits="10"/>
                <line number="672" hits="10"/>
                <line number="673" hits="0"/>
                <line number="674" hits="10"/>
                <line number="675" hits="10"/>
                <line number="676" hits="10"/>
                <line number="682" hits="0"/>
                <line number="683" hits="0"/>
                <line number="685" hits="0"/>
                <line number="687" hits="10"/>
                <line number="688" hits="10"/>
                <line number="689" hits="10"/>
                <line number="690" hits="0"/>
                <line number="691" hits="10"/>
                <line number="692" hits="10"/>
                <line number="693" hits="10"/>
                <line number="694" hits="0"/>
                <line number="695" hits="10"/>
                <line number="696" hits="10"/>
                <line number="697" hits="10"/>
                <line number="698" hits="0"/>
                <line number="709" hits="10"/>
                <line number="710" hits="10"/>
                <line number="711" hits="10"/>
                <line number="712" hits="0"/>
                <line number="713" hits="0"/>
                <line number="715" hits="0"/>
                <line number="719" hits="10"/>
              </lines>
            </method>
            <method name="getDefaultNamespace" signature="$rootNamespace" line-rate="0.68181818181818" branch-rate="0" complexity="10">
              <lines>
                <line number="729" hits="12"/>
                <line number="730" hits="12"/>
                <line number="731" hits="12"/>
                <line number="733" hits="12"/>
                <line number="734" hits="12"/>
                <line number="735" hits="12"/>
                <line number="737" hits="12"/>
                <line number="761" hits="12"/>
                <line number="762" hits="12"/>
                <line number="763" hits="12"/>
                <line number="764" hits="12"/>
                <line number="765" hits="0"/>
                <line number="766" hits="0"/>
                <line number="767" hits="0"/>
                <line number="768" hits="12"/>
                <line number="769" hits="12"/>
                <line number="770" hits="12"/>
                <line number="771" hits="0"/>
                <line number="772" hits="0"/>
                <line number="773" hits="0"/>
                <line number="774" hits="12"/>
                <line number="775" hits="12"/>
                <line number="776" hits="12"/>
                <line number="777" hits="0"/>
                <line number="778" hits="0"/>
                <line number="779" hits="0"/>
                <line number="780" hits="12"/>
                <line number="781" hits="12"/>
                <line number="782" hits="12"/>
                <line number="783" hits="12"/>
                <line number="784" hits="12"/>
                <line number="786" hits="12"/>
                <line number="787" hits="12"/>
                <line number="788" hits="12"/>
                <line number="789" hits="12"/>
                <line number="790" hits="12"/>
                <line number="792" hits="12"/>
                <line number="793" hits="12"/>
                <line number="794" hits="12"/>
                <line number="795" hits="12"/>
                <line number="796" hits="12"/>
                <line number="797" hits="12"/>
                <line number="798" hits="0"/>
                <line number="799" hits="0"/>
                <line number="800" hits="0"/>
                <line number="801" hits="12"/>
                <line number="802" hits="12"/>
                <line number="803" hits="12"/>
                <line number="804" hits="0"/>
                <line number="805" hits="0"/>
                <line number="806" hits="0"/>
                <line number="807" hits="12"/>
                <line number="808" hits="12"/>
                <line number="809" hits="12"/>
                <line number="810" hits="0"/>
                <line number="811" hits="0"/>
                <line number="812" hits="0"/>
                <line number="813" hits="12"/>
                <line number="814" hits="12"/>
                <line number="815" hits="12"/>
                <line number="817" hits="0"/>
                <line number="818" hits="0"/>
                <line number="819" hits="0"/>
                <line number="824" hits="12"/>
                <line number="836" hits="12"/>
                <line number="838" hits="12"/>
              </lines>
            </method>
            <method name="getOptions" signature="" line-rate="1" branch-rate="0" complexity="1">
              <lines>
                <line number="848" hits="15"/>
                <line number="850" hits="15"/>
                <line number="851" hits="15"/>
                <line number="852" hits="15"/>
                <line number="853" hits="15"/>
                <line number="854" hits="15"/>
[...]
            <line number="459" hits="1"/>
            <line number="460" hits="1"/>
            <line number="461" hits="1"/>
            <line number="464" hits="10"/>
            <line number="474" hits="12"/>
            <line number="481" hits="12"/>
            <line number="482" hits="12"/>
            <line number="483" hits="12"/>
            <line number="484" hits="0"/>
            <line number="485" hits="0"/>
            <line number="486" hits="0"/>
            <line number="487" hits="12"/>
            <line number="488" hits="12"/>
            <line number="489" hits="12"/>
            <line number="490" hits="0"/>
            <line number="491" hits="0"/>
            <line number="492" hits="0"/>
            <line number="493" hits="12"/>
            <line number="494" hits="0"/>
            <line number="495" hits="0"/>
            <line number="496" hits="0"/>
            <line number="497" hits="12"/>
            <line number="498" hits="12"/>
            <line number="499" hits="12"/>
            <line number="500" hits="12"/>
            <line number="501" hits="12"/>
            <line number="502" hits="12"/>
            <line number="503" hits="12"/>
            <line number="504" hits="12"/>
            <line number="505" hits="0"/>
            <line number="506" hits="0"/>
            <line number="507" hits="0"/>
            <line number="508" hits="12"/>
            <line number="509" hits="12"/>
            <line number="510" hits="12"/>
            <line number="511" hits="0"/>
            <line number="512" hits="0"/>
            <line number="513" hits="0"/>
            <line number="514" hits="12"/>
            <line number="515" hits="12"/>
            <line number="516" hits="12"/>
            <line number="517" hits="12"/>
            <line number="518" hits="12"/>
            <line number="519" hits="0"/>
            <line number="520" hits="0"/>
            <line number="521" hits="0"/>
            <line number="522" hits="12"/>
            <line number="523" hits="12"/>
            <line number="524" hits="12"/>
            <line number="525" hits="12"/>
            <line number="526" hits="0"/>
            <line number="527" hits="0"/>
            <line number="528" hits="0"/>
            <line number="529" hits="12"/>
            <line number="530" hits="12"/>
            <line number="531" hits="12"/>
            <line number="532" hits="12"/>
            <line number="533" hits="0"/>
            <line number="534" hits="0"/>
            <line number="535" hits="0"/>
            <line number="536" hits="12"/>
            <line number="537" hits="12"/>
            <line number="538" hits="12"/>
            <line number="539" hits="12"/>
            <line number="540" hits="12"/>
            <line number="541" hits="12"/>
            <line number="542" hits="0"/>
            <line number="543" hits="0"/>
            <line number="544" hits="0"/>
            <line number="545" hits="12"/>
            <line number="546" hits="12"/>
            <line number="547" hits="12"/>
            <line number="548" hits="12"/>
            <line number="549" hits="0"/>
            <line number="550" hits="0"/>
            <line number="551" hits="0"/>
            <line number="553" hits="12"/>
            <line number="554" hits="12"/>
            <line number="555" hits="12"/>
            <line number="558" hits="12"/>
            <line number="560" hits="12"/>
            <line number="569" hits="12"/>
            <line number="570" hits="12"/>
            <line number="571" hits="12"/>
            <line number="572" hits="0"/>
            <line number="575" hits="12"/>
            <line number="585" hits="10"/>
            <line number="587" hits="10"/>
            <line number="589" hits="10"/>
            <line number="591" hits="10"/>
            <line number="592" hits="10"/>
            <line number="593" hits="10"/>
            <line number="595" hits="10"/>
            <line number="596" hits="10"/>
            <line number="597" hits="10"/>
            <line number="598" hits="0"/>
            <line number="599" hits="0"/>
            <line number="601" hits="0"/>
            <line number="603" hits="10"/>
            <line number="604" hits="10"/>
            <line number="605" hits="10"/>
            <line number="606" hits="10"/>
            <line number="607" hits="10"/>
            <line number="608" hits="0"/>
            <line number="609" hits="10"/>
            <line number="610" hits="10"/>
            <line number="611" hits="10"/>
            <line number="612" hits="0"/>
            <line number="613" hits="10"/>
            <line number="614" hits="10"/>
            <line number="615" hits="10"/>
            <line number="616" hits="0"/>
            <line number="617" hits="10"/>
            <line number="618" hits="10"/>
            <line number="619" hits="10"/>
            <line number="620" hits="10"/>
            <line number="621" hits="10"/>
            <line number="622" hits="10"/>
            <line number="623" hits="10"/>
            <line number="624" hits="0"/>
            <line number="625" hits="0"/>
            <line number="627" hits="0"/>
            <line number="629" hits="10"/>
            <line number="630" hits="10"/>
            <line number="631" hits="10"/>
            <line number="632" hits="0"/>
            <line number="633" hits="0"/>
            <line number="635" hits="0"/>
            <line number="637" hits="10"/>
            <line number="638" hits="10"/>
            <line number="639" hits="10"/>
            <line number="640" hits="0"/>
            <line number="641" hits="0"/>
            <line number="643" hits="0"/>
            <line number="645" hits="10"/>
            <line number="646" hits="10"/>
            <line number="647" hits="10"/>
            <line number="648" hits="0"/>
            <line number="649" hits="10"/>
            <line number="650" hits="10"/>
            <line number="651" hits="10"/>
            <line number="652" hits="0"/>
            <line number="653" hits="10"/>
            <line number="654" hits="10"/>
            <line number="655" hits="10"/>
            <line number="656" hits="0"/>
            <line number="657" hits="0"/>
            <line number="659" hits="0"/>
            <line number="661" hits="10"/>
            <line number="662" hits="10"/>
            <line number="663" hits="10"/>
            <line number="664" hits="0"/>
            <line number="665" hits="0"/>
            <line number="667" hits="0"/>
            <line number="669" hits="10"/>
            <line number="670" hits="10"/>
            <line number="671" hits="10"/>
            <line number="672" hits="10"/>
            <line number="673" hits="0"/>
            <line number="674" hits="10"/>
            <line number="675" hits="10"/>
            <line number="676" hits="10"/>
            <line number="682" hits="0"/>
            <line number="683" hits="0"/>
            <line number="685" hits="0"/>
            <line number="687" hits="10"/>
            <line number="688" hits="10"/>
            <line number="689" hits="10"/>
            <line number="690" hits="0"/>
            <line number="691" hits="10"/>
            <line number="692" hits="10"/>
            <line number="693" hits="10"/>
            <line number="694" hits="0"/>
            <line number="695" hits="10"/>
            <line number="696" hits="10"/>
            <line number="697" hits="10"/>
            <line number="698" hits="0"/>
            <line number="709" hits="10"/>
            <line number="710" hits="10"/>
            <line number="711" hits="10"/>
            <line number="712" hits="0"/>
            <line number="713" hits="0"/>
            <line number="715" hits="0"/>
            <line number="719" hits="10"/>
            <line number="729" hits="12"/>
            <line number="730" hits="12"/>
            <line number="731" hits="12"/>
            <line number="733" hits="12"/>
            <line number="734" hits="12"/>
            <line number="735" hits="12"/>
            <line number="737" hits="12"/>
            <line number="761" hits="12"/>
            <line number="762" hits="12"/>
            <line number="763" hits="12"/>
            <line number="764" hits="12"/>
            <line number="765" hits="0"/>
            <line number="766" hits="0"/>
            <line number="767" hits="0"/>
            <line number="768" hits="12"/>
            <line number="769" hits="12"/>
            <line number="770" hits="12"/>
            <line number="771" hits="0"/>
            <line number="772" hits="0"/>
            <line number="773" hits="0"/>
            <line number="774" hits="12"/>
            <line number="775" hits="12"/>
            <line number="776" hits="12"/>
            <line number="777" hits="0"/>
            <line number="778" hits="0"/>
            <line number="779" hits="0"/>
            <line number="780" hits="12"/>
            <line number="781" hits="12"/>
            <line number="782" hits="12"/>
            <line number="783" hits="12"/>
            <line number="784" hits="12"/>
            <line number="786" hits="12"/>
            <line number="787" hits="12"/>
            <line number="788" hits="12"/>
            <line number="789" hits="12"/>
            <line number="790" hits="12"/>
            <line number="792" hits="12"/>
            <line number="793" hits="12"/>
            <line number="794" hits="12"/>
            <line number="795" hits="12"/>
            <line number="796" hits="12"/>
            <line number="797" hits="12"/>
            <line number="798" hits="0"/>
            <line number="799" hits="0"/>
            <line number="800" hits="0"/>
            <line number="801" hits="12"/>
            <line number="802" hits="12"/>
            <line number="803" hits="12"/>
            <line number="804" hits="0"/>
            <line number="805" hits="0"/>
            <line number="806" hits="0"/>
            <line number="807" hits="12"/>
            <line number="808" hits="12"/>
            <line number="809" hits="12"/>
            <line number="810" hits="0"/>
            <line number="811" hits="0"/>
            <line number="812" hits="0"/>
            <line number="813" hits="12"/>
            <line number="814" hits="12"/>
            <line number="815" hits="12"/>
            <line number="817" hits="0"/>
            <line number="818" hits="0"/>
            <line number="819" hits="0"/>
            <line number="824" hits="12"/>
            <line number="836" hits="12"/>
            <line number="838" hits="12"/>
            <line number="848" hits="15"/>
            <line number="850" hits="15"/>
            <line number="851" hits="15"/>
            <line number="852" hits="15"/>
            <line number="853" hits="15"/>
            <line number="854" hits="15"/>
            <line number="855" hits="15"/>
            <line number="857" hits="15"/>
            <line number="867" hits="12"/>
            <line number="869" hits="12"/>
            <line number="870" hits="12"/>
            <line number="871" hits="12"/>
            <line number="872" hits="12"/>
            <line number="873" hits="12"/>
            <line number="874" hits="12"/>
            <line number="875" hits="12"/>
            <line number="876" hits="12"/>
            <line number="877" hits="12"/>
            <line number="878" hits="12"/>
            <line number="879" hits="12"/>
            <line number="880" hits="12"/>
            <line number="881" hits="0"/>
            <line number="882" hits="0"/>
            <line number="883" hits="0"/>
            <line number="884" hits="0"/>
            <line number="885" hits="0"/>
            <line number="886" hits="12"/>
            <line number="887" hits="12"/>
            <line number="888" hits="12"/>
            <line number="889" hits="0"/>
            <line number="890" hits="0"/>
            <line number="891" hits="0"/>
            <line number="892" hits="0"/>
            <line number="893" hits="0"/>
            <line number="894" hits="12"/>
            <line number="895" hits="12"/>
            <line number="896" hits="12"/>
            <line number="897" hits="0"/>
            <line number="898" hits="0"/>
            <line number="899" hits="0"/>
            <line number="900" hits="0"/>
            <line number="901" hits="0"/>
            <line number="902" hits="12"/>
            <line number="903" hits="12"/>
            <line number="904" hits="12"/>
            <line number="905" hits="0"/>
            <line number="906" hits="0"/>
            <line number="907" hits="0"/>
            <line number="908" hits="0"/>
            <line number="909" hits="0"/>
            <line number="910" hits="12"/>
            <line number="911" hits="12"/>
            <line number="912" hits="12"/>
            <line number="913" hits="12"/>
            <line number="914" hits="0"/>
            <line number="915" hits="0"/>
            <line number="916" hits="0"/>
            <line number="917" hits="0"/>
            <line number="918" hits="0"/>
            <line number="919" hits="12"/>
            <line number="920" hits="12"/>
            <line number="921" hits="12"/>
            <line number="922" hits="12"/>
            <line number="923" hits="0"/>
            <line number="924" hits="0"/>
            <line number="925" hits="0"/>
            <line number="926" hits="0"/>
            <line number="927" hits="0"/>
            <line number="928" hits="12"/>
            <line number="929" hits="12"/>
            <line number="930" hits="12"/>
            <line number="931" hits="0"/>
            <line number="932" hits="0"/>
            <line number="933" hits="0"/>
            <line number="934" hits="0"/>
            <line number="935" hits="0"/>
            <line number="936" hits="12"/>
            <line number="937" hits="12"/>
            <line number="938" hits="12"/>
            <line number="939" hits="12"/>
            <line number="940" hits="4"/>
            <line number="941" hits="4"/>
            <line number="942" hits="4"/>
            <line number="943" hits="4"/>
            <line number="944" hits="4"/>
            <line number="945" hits="4"/>
            <line number="946" hits="8"/>
            <line number="947" hits="8"/>
            <line number="948" hits="8"/>
            <line number="949" hits="0"/>
            <line number="950" hits="0"/>
            <line number="951" hits="0"/>
            <line number="952" hits="0"/>
            <line number="953" hits="0"/>
            <line number="954" hits="0"/>
            <line number="955" hits="8"/>
            <line number="956" hits="8"/>
            <line number="957" hits="8"/>
            <line number="958" hits="8"/>
            <line number="959" hits="8"/>
            <line number="960" hits="0"/>
            <line number="961" hits="0"/>
            <line number="962" hits="0"/>
            <line number="963" hits="0"/>
            <line number="964" hits="0"/>
            <line number="965" hits="0"/>
            <line number="973" hits="8"/>
            <line number="974" hits="8"/>
            <line number="975" hits="8"/>
            <line number="976" hits="0"/>
            <line number="977" hits="0"/>
            <line number="978" hits="0"/>
            <line number="979" hits="0"/>
            <line number="980" hits="0"/>
            <line number="982" hits="8"/>
            <line number="983" hits="8"/>
            <line number="984" hits="8"/>
            <line number="985" hits="8"/>
            <line number="986" hits="8"/>
            <line number="987" hits="8"/>
            <line number="997" hits="12"/>
          </lines>
        </class>
      </classes>
    </package>
    <package name="ServiceProvider.php" line-rate="1" branch-rate="0" complexity="16">
      <classes>
        <class name="Playground\Make\Test\ServiceProvider" filename="ServiceProvider.php" line-rate="1" branch-rate="0" complexity="16">
          <methods>
            <method name="boot" signature="" line-rate="1" branch-rate="0" complexity="7">
              <lines>
                <line number="33" hits="1"/>
                <line number="35" hits="1"/>
                <line number="37" hits="1"/>
                <line number="38" hits="1"/>
                <line number="41" hits="1"/>
                <line number="42" hits="1"/>
                <line number="43" hits="1"/>
                <line number="44" hits="1"/>
                <line number="45" hits="1"/>
                <line number="48" hits="1"/>
                <line number="50" hits="1"/>
                <line number="51" hits="1"/>
                <line number="52" hits="1"/>
                <line number="56" hits="1"/>
                <line number="57" hits="1"/>
              </lines>
            </method>
            <method name="boot_commands" signature="" line-rate="1" branch-rate="0" complexity="1">
              <lines>
                <line number="66" hits="1"/>
                <line number="68" hits="1"/>
                <line number="70" hits="1"/>
                <line number="72" hits="1"/>
              </lines>
            </method>
            <method name="register" signature="" line-rate="1" branch-rate="0" complexity="1">
              <lines>
                <line number="80" hits="1"/>
                <line number="81" hits="1"/>
                <line number="82" hits="1"/>
                <line number="83" hits="1"/>
              </lines>
            </method>
            <method name="about" signature="" line-rate="1" branch-rate="0" complexity="6">
              <lines>
                <line number="88" hits="1"/>
                <line number="89" hits="1"/>
                <line number="91" hits="1"/>
                <line number="93" hits="1"/>
                <line number="95" hits="1"/>
                <line number="96" hits="1"/>
                <line number="97" hits="1"/>
                <line number="98" hits="1"/>
                <line number="99" hits="1"/>
                <line number="100" hits="1"/>
              </lines>
            </method>
            <method name="version" signature="" line-rate="1" branch-rate="0" complexity="1">
              <lines>
                <line number="105" hits="1"/>
              </lines>
            </method>
          </methods>
          <lines>
            <line number="33" hits="1"/>
            <line number="35" hits="1"/>
            <line number="37" hits="1"/>
            <line number="38" hits="1"/>
            <line number="41" hits="1"/>
            <line number="42" hits="1"/>
            <line number="43" hits="1"/>
            <line number="44" hits="1"/>
            <line number="45" hits="1"/>
            <line number="48" hits="1"/>
            <line number="50" hits="1"/>
            <line number="51" hits="1"/>
            <line number="52" hits="1"/>
            <line number="56" hits="1"/>
            <line number="57" hits="1"/>
            <line number="66" hits="1"/>
            <line number="68" hits="1"/>
            <line number="70" hits="1"/>
            <line number="72" hits="1"/>
            <line number="80" hits="1"/>
            <line number="81" hits="1"/>
            <line number="82" hits="1"/>
            <line number="83" hits="1"/>
            <line number="88" hits="1"/>
            <line number="89" hits="1"/>
            <line number="91" hits="1"/>
            <line number="93" hits="1"/>
            <line number="95" hits="1"/>
            <line number="96" hits="1"/>
            <line number="97" hits="1"/>
            <line number="98" hits="1"/>
            <line number="99" hits="1"/>
            <line number="100" hits="1"/>
            <line number="105" hits="1"/>
          </lines>
        </class>
      </classes>
    </package>
  </packages>
</coverage>
