<?xml version="1.0" encoding="UTF-8"?>
<testsuites>
  <testsuite name="/app/phpunit-ci.xml" tests="20" assertions="52" errors="0" failures="0" skipped="0" time="1.290289">
    <testsuite name="Unit" tests="4" assertions="25" errors="0" failures="0" skipped="0" time="0.313636">
      <testsuite name="Tests\Unit\Playground\Make\Test\Configuration\Test\InstanceTest" file="/app/tests/Unit/Configuration/Test/InstanceTest.php" tests="4" assertions="25" errors="0" failures="0" skipped="0" time="0.313636">
        <testcase name="test_instance" file="/app/tests/Unit/Configuration/Test/InstanceTest.php" line="19" class="Tests\Unit\Playground\Make\Test\Configuration\Test\InstanceTest" classname="Tests.Unit.Playground.Make.Test.Configuration.Test.InstanceTest" assertions="1" time="0.236208"/>
        <testcase name="test_instance_apply_without_options" file="/app/tests/Unit/Configuration/Test/InstanceTest.php" line="50" class="Tests\Unit\Playground\Make\Test\Configuration\Test\InstanceTest" classname="Tests.Unit.Playground.Make.Test.Configuration.Test.InstanceTest" assertions="4" time="0.026408"/>
        <testcase name="test_folder_is_empty_by_default" file="/app/tests/Unit/Configuration/Test/InstanceTest.php" line="67" class="Tests\Unit\Playground\Make\Test\Configuration\Test\InstanceTest" classname="Tests.Unit.Playground.Make.Test.Configuration.Test.InstanceTest" assertions="3" time="0.024241"/>
        <testcase name="test_test_with_file_and_skeleton" file="/app/tests/Unit/Configuration/Test/InstanceTest.php" line="77" class="Tests\Unit\Playground\Make\Test\Configuration\Test\InstanceTest" classname="Tests.Unit.Playground.Make.Test.Configuration.Test.InstanceTest" assertions="17" time="0.026778"/>
      </testsuite>
    </testsuite>
    <testsuite name="Feature" tests="16" assertions="27" errors="0" failures="0" skipped="0" time="0.976654">
      <testsuite name="Tests\Feature\Playground\Make\Test\Console\Commands\About\CommandTest" file="/app/tests/Feature/Console/Commands/About/CommandTest.php" tests="1" assertions="2" errors="0" failures="0" skipped="0" time="0.442219">
        <testcase name="test_command_about_displays_package_information_and_succeed_with_code_0" file="/app/tests/Feature/Console/Commands/About/CommandTest.php" line="27" class="Tests\Feature\Playground\Make\Test\Console\Commands\About\CommandTest" classname="Tests.Feature.Playground.Make.Test.Console.Commands.About.CommandTest" assertions="2" time="0.442219"/>
      </testsuite>
      <testsuite name="Tests\Feature\Playground\Make\Test\Console\Commands\TestMakeCommand\ApiTest" file="/app/tests/Feature/Console/Commands/TestMakeCommand/ApiTest.php" tests="5" assertions="10" errors="0" failures="0" skipped="0" time="0.201060">
        <testcase name="test_command_make_playground_api_tests_without_model_file_and_fail" file="/app/tests/Feature/Console/Commands/TestMakeCommand/ApiTest.php" line="20" class="Tests\Feature\Playground\Make\Test\Console\Commands\TestMakeCommand\ApiTest" classname="Tests.Feature.Playground.Make.Test.Console.Commands.TestMakeCommand.ApiTest" assertions="2" time="0.033864"/>
        <testcase name="test_command_make_playground_api_tests_with_force_without_skeleton" file="/app/tests/Feature/Console/Commands/TestMakeCommand/ApiTest.php" line="39" class="Tests\Feature\Playground\Make\Test\Console\Commands\TestMakeCommand\ApiTest" classname="Tests.Feature.Playground.Make.Test.Console.Commands.TestMakeCommand.ApiTest" assertions="2" time="0.046555"/>
        <testcase name="test_command_make_playground_api_tests_without_force_with_file_without_skeleton" file="/app/tests/Feature/Console/Commands/TestMakeCommand/ApiTest.php" line="58" class="Tests\Feature\Playground\Make\Test\Console\Commands\TestMakeCommand\ApiTest" classname="Tests.Feature.Playground.Make.Test.Console.Commands.TestMakeCommand.ApiTest" assertions="2" time="0.038611"/>
        <testcase name="test_command_make_playground_api_tests_with_force_with_file_with_skeleton" file="/app/tests/Feature/Console/Commands/TestMakeCommand/ApiTest.php" line="77" class="Tests\Feature\Playground\Make\Test\Console\Commands\TestMakeCommand\ApiTest" classname="Tests.Feature.Playground.Make.Test.Console.Commands.TestMakeCommand.ApiTest" assertions="2" time="0.041146"/>
        <testcase name="test_command_make_playground_api_tests_with_force_with_model_in_file_with_skeleton" file="/app/tests/Feature/Console/Commands/TestMakeCommand/ApiTest.php" line="96" class="Tests\Feature\Playground\Make\Test\Console\Commands\TestMakeCommand\ApiTest" classname="Tests.Feature.Playground.Make.Test.Console.Commands.TestMakeCommand.ApiTest" assertions="2" time="0.040884"/>
      </testsuite>
      <testsuite name="Tests\Feature\Playground\Make\Test\Console\Commands\TestMakeCommand\CommandTest" file="/app/tests/Feature/Console/Commands/TestMakeCommand/CommandTest.php" tests="2" assertions="3" errors="0" failures="0" skipped="0" time="0.058439">
        <testcase name="test_command_without_options_or_arguments" file="/app/tests/Feature/Console/Commands/TestMakeCommand/CommandTest.php" line="19" class="Tests\Feature\Playground\Make\Test\Console\Commands\TestMakeCommand\CommandTest" classname="Tests.Feature.Playground.Make.Test.Console.Commands.TestMakeCommand.CommandTest" assertions="2" time="0.027980"/>
        <testcase name="test_command_skeleton" file="/app/tests/Feature/Console/Commands/TestMakeCommand/CommandTest.php" line="29" class="Tests\Feature\Playground\Make\Test\Console\Commands\TestMakeCommand\CommandTest" classname="Tests.Feature.Playground.Make.Test.Console.Commands.TestMakeCommand.CommandTest" assertions="1" time="0.030460"/>
      </testsuite>
      <testsuite name="Tests\Feature\Playground\Make\Test\Console\Commands\TestMakeCommand\ModelTest" file="/app/tests/Feature/Console/Commands/TestMakeCommand/ModelTest.php" tests="4" assertions="4" errors="0" failures="0" skipped="0" time="0.134727">
        <testcase name="test_command_make_test_with_force_and_without_skeleton" file="/app/tests/Feature/Console/Commands/TestMakeCommand/ModelTest.php" line="19" class="Tests\Feature\Playground\Make\Test\Console\Commands\TestMakeCommand\ModelTest" classname="Tests.Feature.Playground.Make.Test.Console.Commands.TestMakeCommand.ModelTest" assertions="1" time="0.033168"/>
        <testcase name="test_command_make_test_with_force_and_with_skeleton" file="/app/tests/Feature/Console/Commands/TestMakeCommand/ModelTest.php" line="33" class="Tests\Feature\Playground\Make\Test\Console\Commands\TestMakeCommand\ModelTest" classname="Tests.Feature.Playground.Make.Test.Console.Commands.TestMakeCommand.ModelTest" assertions="1" time="0.033447"/>
        <testcase name="test_command_make_playground_model_api_with_force" file="/app/tests/Feature/Console/Commands/TestMakeCommand/ModelTest.php" line="47" class="Tests\Feature\Playground\Make\Test\Console\Commands\TestMakeCommand\ModelTest" classname="Tests.Feature.Playground.Make.Test.Console.Commands.TestMakeCommand.ModelTest" assertions="1" time="0.034197"/>
        <testcase name="test_command_make_playground_model_resource_with_force" file="/app/tests/Feature/Console/Commands/TestMakeCommand/ModelTest.php" line="61" class="Tests\Feature\Playground\Make\Test\Console\Commands\TestMakeCommand\ModelTest" classname="Tests.Feature.Playground.Make.Test.Console.Commands.TestMakeCommand.ModelTest" assertions="1" time="0.033915"/>
      </testsuite>
      <testsuite name="Tests\Feature\Playground\Make\Test\Console\Commands\TestMakeCommand\ResourceTest" file="/app/tests/Feature/Console/Commands/TestMakeCommand/ResourceTest.php" tests="4" assertions="8" errors="0" failures="0" skipped="0" time="0.140209">
        <testcase name="test_command_make_playground_resource_tests_without_model_file_and_fail" file="/app/tests/Feature/Console/Commands/TestMakeCommand/ResourceTest.php" line="20" class="Tests\Feature\Playground\Make\Test\Console\Commands\TestMakeCommand\ResourceTest" classname="Tests.Feature.Playground.Make.Test.Console.Commands.TestMakeCommand.ResourceTest" assertions="2" time="0.027642"/>
        <testcase name="test_command_make_playground_resource_tests_with_force_without_skeleton" file="/app/tests/Feature/Console/Commands/TestMakeCommand/ResourceTest.php" line="39" class="Tests\Feature\Playground\Make\Test\Console\Commands\TestMakeCommand\ResourceTest" classname="Tests.Feature.Playground.Make.Test.Console.Commands.TestMakeCommand.ResourceTest" assertions="2" time="0.040104"/>
        <testcase name="test_command_make_playground_resource_tests_without_force_with_file_without_skeleton" file="/app/tests/Feature/Console/Commands/TestMakeCommand/ResourceTest.php" line="58" class="Tests\Feature\Playground\Make\Test\Console\Commands\TestMakeCommand\ResourceTest" classname="Tests.Feature.Playground.Make.Test.Console.Commands.TestMakeCommand.ResourceTest" assertions="2" time="0.035043"/>
        <testcase name="test_command_make_playground_resource_tests_with_force_with_file_with_skeleton" file="/app/tests/Feature/Console/Commands/TestMakeCommand/ResourceTest.php" line="77" class="Tests\Feature\Playground\Make\Test\Console\Commands\TestMakeCommand\ResourceTest" classname="Tests.Feature.Playground.Make.Test.Console.Commands.TestMakeCommand.ResourceTest" assertions="2" time="0.037420"/>
      </testsuite>
    </testsuite>
  </testsuite>
</testsuites>
